[00:02:56] [Server thread/INFO]: Pikel_03[/127.189.11.85:56917] logged in with entity id 15510 at (108.43895414828748, 64.0, 140.98239145619957)
[00:02:56] [Server thread/INFO]: Syncing config to Pikel_03 (afc4c9dd-8d66-358b-8b8b-98baedbba298)
[00:02:56] [Server thread/INFO]: Loading config from file...
[00:02:56] [Server thread/INFO]: Pikel_03 joined the game
[00:02:56] [Server thread/INFO]: Player Pikel_03 just logged in with id afc4c9dd-8d66-358b-8b8b-98baedbba298
[00:02:56] [ForkJoinPool-5-worker-4/INFO]: Loading local skin for player Pikel_03[afc4c9dd-8d66-358b-8b8b-98baedbba298]
[00:02:56] [Server thread/INFO]: Async chunk loading for player Pikel_03 completed
[00:02:56] [ForkJoinPool-5-worker-4/INFO]: File https://playerdb.co/api/player/minecraft/Pikel_03 downloaded
[00:02:57] [Server thread/INFO]: [bclib] Received Hello from Client. (server=3.0.14, client=3.0.14)
[00:02:57] [Server thread/INFO]: [bclib] Sending Hello to Client. (server=3.0.14)
[00:02:57] [Server thread/INFO]: [bclib] 	- Listing Mod bclib v3.0.14 (size: 2.2 MiB, download=true)
[00:02:57] [Server thread/INFO]: [bclib] 	- Offering Config bclib.CONFIG_bclib.generator
[00:02:57] [Server thread/INFO]: [bclib] 	- Offering Config bclib.CONFIG_bclib.main
[00:02:57] [Server thread/INFO]: [bclib] 	- Offering Config bclib.CONFIG_bclib.biomes
[00:02:57] [Server thread/INFO]: [bclib] 	- Offering Config bclib.CONFIG_betterend.entities
[00:02:57] [Server thread/INFO]: [bclib] 	- Offering Config bclib.CONFIG_betterend.blocks
[00:02:57] [Server thread/INFO]: [bclib] 	- Offering Config bclib.CONFIG_betterend.items
[00:02:57] [Server thread/INFO]: [bclib] 	- Offering Config bclib.CONFIG_betterend.enchantments
[00:02:57] [Server thread/INFO]: [bclib] 	- Offering Folder /workspaces/glowing-octo-broccoli/servidor_minecraft/bclib-sync (allowDelete=true)
[00:03:06] [Server thread/INFO]: [Not Secure] <DinokoMC> espera
[00:03:19] [Server thread/INFO]: [Pikel_03: Teleported Pikel_03 to DinokoMC]
