[23:09:18] [main/INFO] ========================================
[23:09:18] [main/INFO] Minecraft: 1.20.1
[23:09:18] [main/INFO] Side: server
[23:09:18] [main/INFO] Development: false
[23:09:18] [main/INFO] Version: 12.1.785
[23:09:18] [main/INFO] Loader:
[23:09:18] [main/INFO] - Fabric: 0.16.5
[23:09:18] [main/INFO] - Fabric API: 0.92.2+1.20.1
[23:09:18] [main/INFO] Dependencies:
[23:09:18] [main/INFO] - Cloth Config: 11.1.136
[23:09:18] [main/INFO] - Architectury: 9.2.14
[23:09:18] [main/INFO] Mixin: 0.8.7
[23:09:18] [main/INFO] OS: Linux 6.8.0-1027-azure (amd64)
[23:09:18] [main/INFO] Java: 21.0.7 (Ubuntu)
[23:09:18] [main/INFO] ========================================
[23:09:18] [main/INFO] Mods:
[23:09:18] [main/INFO] - accessories: 1.0.0-beta.47+1.20.1
[23:09:18] [main/INFO] - appleskin: 2.5.1+mc1.20
[23:09:18] [main/INFO] - architectury: 9.2.14
[23:09:18] [main/INFO] - bclib: 3.0.14
[23:09:18] [main/INFO] - betterend: 4.0.11
[23:09:18] [main/INFO] - betterendisland: 1.20-Fabric-2.0.6
[23:09:18] [main/INFO] - betterfortresses: 1.20-Fabric-2.0.6
[23:09:18] [main/INFO] - betteroceanmonuments: 1.20-Fabric-3.0.4
[23:09:18] [main/INFO] - bettervillage: 3.3.0
[23:09:18] [main/INFO] - blue_endless_jankson: 1.2.3
[23:09:18] [main/INFO] - cactusconfig: 2.1.1+knot+1.20.1
[23:09:18] [main/INFO] - cardinal-components: 5.2.3
[23:09:18] [main/INFO] - cardinal-components-base: 5.2.3
[23:09:18] [main/INFO] - cardinal-components-block: 5.2.3
[23:09:18] [main/INFO] - cardinal-components-chunk: 5.2.3
[23:09:18] [main/INFO] - cardinal-components-entity: 5.2.3
[23:09:18] [main/INFO] - cardinal-components-item: 5.2.3
[23:09:18] [main/INFO] - cardinal-components-level: 5.2.3
[23:09:18] [main/INFO] - cardinal-components-scoreboard: 5.2.3
[23:09:18] [main/INFO] - cardinal-components-world: 5.2.3
[23:09:18] [main/INFO] - cavedust: 3.0.0
[23:09:18] [main/INFO] - cloth-basic-math: 0.6.1
[23:09:18] [main/INFO] - cloth-config: 11.1.136
[23:09:18] [main/INFO] - cloth-config: 11.1.136
[23:09:18] [main/INFO] - codec-config-api: 3.0.1+1.20.1
[23:09:18] [main/INFO] - collective: 7.84
[23:09:18] [main/INFO] - com_electronwill_night-config_core: 3.6.6
[23:09:18] [main/INFO] - com_electronwill_night-config_toml: 3.6.6
[23:09:18] [main/INFO] - com_konghq_unirest-java_standalone: 3.11.9
[23:09:18] [main/INFO] - com_twelvemonkeys_common_common-image: 3.12.0
[23:09:18] [main/INFO] - com_twelvemonkeys_common_common-io: 3.12.0
[23:09:18] [main/INFO] - com_twelvemonkeys_common_common-lang: 3.12.0
[23:09:18] [main/INFO] - com_twelvemonkeys_imageio_imageio-core: 3.12.0
[23:09:18] [main/INFO] - com_twelvemonkeys_imageio_imageio-metadata: 3.12.0
[23:09:18] [main/INFO] - com_twelvemonkeys_imageio_imageio-webp: 3.12.0
[23:09:18] [main/INFO] - commons-validator_commons-validator: 1.7
[23:09:18] [main/INFO] - crops_love_rain: 1.4.0
[23:09:18] [main/INFO] - ctov: 3.4.14
[23:09:18] [main/INFO] - customizableelytra: 2.1.2+1.20
[23:09:18] [main/INFO] - easyshulkerboxes: 8.0.2
[23:09:18] [main/INFO] - entityculling: 1.7.0
[23:09:18] [main/INFO] - error_notifier: 1.0.9
[23:09:18] [main/INFO] - fabric-api: 0.92.2+1.20.1
[23:09:18] [main/INFO] - fabric-api: 0.92.2+1.20.1
[23:09:18] [main/INFO] - fabric-api-base: 0.4.31+1802ada577
[23:09:18] [main/INFO] - fabric-api-lookup-api-v1: 1.6.36+1802ada577
[23:09:18] [main/INFO] - fabric-biome-api-v1: 13.0.13+1802ada577
[23:09:18] [main/INFO] - fabric-block-api-v1: 1.0.11+1802ada577
[23:09:18] [main/INFO] - fabric-block-view-api-v2: 1.0.1+1802ada577
[23:09:18] [main/INFO] - fabric-command-api-v1: 1.2.34+f71b366f77
[23:09:18] [main/INFO] - fabric-command-api-v2: 2.2.13+1802ada577
[23:09:18] [main/INFO] - fabric-commands-v0: 0.2.51+df3654b377
[23:09:18] [main/INFO] - fabric-containers-v0: 0.1.64+df3654b377
[23:09:18] [main/INFO] - fabric-content-registries-v0: 4.0.11+1802ada577
[23:09:18] [main/INFO] - fabric-convention-tags-v1: 1.5.5+1802ada577
[23:09:18] [main/INFO] - fabric-crash-report-info-v1: 0.2.19+1802ada577
[23:09:18] [main/INFO] - fabric-data-attachment-api-v1: 1.0.0+de0fd6d177
[23:09:18] [main/INFO] - fabric-data-generation-api-v1: 12.3.4+1802ada577
[23:09:18] [main/INFO] - fabric-dimensions-v1: 2.1.54+1802ada577
[23:09:18] [main/INFO] - fabric-entity-events-v1: 1.6.0+1c78457f77
[23:09:18] [main/INFO] - fabric-events-interaction-v0: 0.6.2+1802ada577
[23:09:18] [main/INFO] - fabric-events-lifecycle-v0: 0.2.63+df3654b377
[23:09:18] [main/INFO] - fabric-game-rule-api-v1: 1.0.40+1802ada577
[23:09:18] [main/INFO] - fabric-item-api-v1: 2.1.28+1802ada577
[23:09:18] [main/INFO] - fabric-item-group-api-v1: 4.0.12+1802ada577
[23:09:18] [main/INFO] - fabric-language-kotlin: 1.12.3+kotlin.2.0.21
[23:09:18] [main/INFO] - fabric-lifecycle-events-v1: 2.2.22+1802ada577
[23:09:18] [main/INFO] - fabric-loot-api-v2: 1.2.1+1802ada577
[23:09:18] [main/INFO] - fabric-loot-tables-v1: 1.1.45+9e7660c677
[23:09:18] [main/INFO] - fabric-message-api-v1: 5.1.9+1802ada577
[23:09:18] [main/INFO] - fabric-mining-level-api-v1: 2.1.50+1802ada577
[23:09:18] [main/INFO] - fabric-networking-api-v1: 1.3.11+1802ada577
[23:09:18] [main/INFO] - fabric-networking-v0: 0.3.51+df3654b377
[23:09:18] [main/INFO] - fabric-object-builder-api-v1: 11.1.3+1802ada577
[23:09:18] [main/INFO] - fabric-particles-v1: 1.1.2+1802ada577
[23:09:18] [main/INFO] - fabric-permissions-api-v0: 0.3.1
[23:09:18] [main/INFO] - fabric-recipe-api-v1: 1.0.21+1802ada577
[23:09:18] [main/INFO] - fabric-registry-sync-v0: 2.3.3+1802ada577
[23:09:18] [main/INFO] - fabric-rendering-data-attachment-v1: 0.3.37+92a0d36777
[23:09:18] [main/INFO] - fabric-rendering-fluids-v1: 3.0.28+1802ada577
[23:09:18] [main/INFO] - fabric-resource-conditions-api-v1: 2.3.8+1802ada577
[23:09:18] [main/INFO] - fabric-resource-loader-v0: 0.11.10+1802ada577
[23:09:18] [main/INFO] - fabric-screen-handler-api-v1: 1.3.30+1802ada577
[23:09:18] [main/INFO] - fabric-transfer-api-v1: 3.3.5+8dd72ea377
[23:09:18] [main/INFO] - fabric-transitive-access-wideners-v1: 4.3.1+1802ada577
[23:09:18] [main/INFO] - fabricloader: 0.16.5
[23:09:18] [main/INFO] - ferritecore: 6.0.1
[23:09:18] [main/INFO] - forgeconfigapiport: 8.0.0
[23:09:18] [main/INFO] - formations: 1.0.3
[23:09:18] [main/INFO] - formationsnether: 1.0.5
[23:09:18] [main/INFO] - formationsoverworld: 1.0.4
[23:09:18] [main/INFO] - fzzy_config: 0.5.4+1.20.1
[23:09:18] [main/INFO] - glowing-torchflower: 1.1.0
[23:09:18] [main/INFO] - grindenchantments: 3.1.4+1.20.1
[23:09:18] [main/INFO] - horsebuff: 2.1.2
[23:09:18] [main/INFO] - io_wispforest_endec: 0.1.8
[23:09:18] [main/INFO] - io_wispforest_endec_gson: 0.1.5
[23:09:18] [main/INFO] - io_wispforest_endec_netty: 0.1.4
[23:09:18] [main/INFO] - jade: 11.13.1+fabric
[23:09:18] [main/INFO] - jamlib: 0.6.1+1.20.x
[23:09:18] [main/INFO] - java: 21
[23:09:18] [main/INFO] - jei: 15.20.0.105
[23:09:18] [main/INFO] - kirin: 1.15.6+1.20.1
[23:09:18] [main/INFO] - libraryferret: 4.0.0
[23:09:18] [main/INFO] - lithium: 0.11.2
[23:09:18] [main/INFO] - lithostitched: 1.4.7
[23:09:18] [main/INFO] - minecraft: 1.20.1
[23:09:18] [main/INFO] - mixinextras: 0.4.1
[23:09:18] [main/INFO] - modernfix: 5.19.4+mc1.20.1
[23:09:18] [main/INFO] - mr_dungeons_andtaverns: 3.0.3.f
[23:09:18] [main/INFO] - mr_dungeons_andtavernsstrongholdrework: 1
[23:09:18] [main/INFO] - mr_mastercutter: 1.1
[23:09:18] [main/INFO] - net_peanuuutz_tomlkt_tomlkt-jvm: 0.3.7
[23:09:18] [main/INFO] - no-resource-pack-warnings: 1.3.0
[23:09:18] [main/INFO] - noisium: 2.3.0+mc1.20-1.20.1
[23:09:18] [main/INFO] - notenoughanimations: 1.7.6
[23:09:18] [main/INFO] - org_javassist_javassist: 3.29.2-GA
[23:09:18] [main/INFO] - org_jetbrains_kotlin_kotlin-reflect: 2.0.21
[23:09:18] [main/INFO] - org_jetbrains_kotlin_kotlin-stdlib: 2.0.21
[23:09:18] [main/INFO] - org_jetbrains_kotlin_kotlin-stdlib-jdk7: 2.0.21
[23:09:18] [main/INFO] - org_jetbrains_kotlin_kotlin-stdlib-jdk8: 2.0.21
[23:09:18] [main/INFO] - org_jetbrains_kotlinx_atomicfu-jvm: 0.25.0
[23:09:18] [main/INFO] - org_jetbrains_kotlinx_kotlinx-coroutines-core-jvm: 1.9.0
[23:09:18] [main/INFO] - org_jetbrains_kotlinx_kotlinx-coroutines-jdk8: 1.9.0
[23:09:18] [main/INFO] - org_jetbrains_kotlinx_kotlinx-datetime-jvm: 0.6.1
[23:09:18] [main/INFO] - org_jetbrains_kotlinx_kotlinx-io-bytestring-jvm: 0.5.4
[23:09:18] [main/INFO] - org_jetbrains_kotlinx_kotlinx-io-core-jvm: 0.5.4
[23:09:18] [main/INFO] - org_jetbrains_kotlinx_kotlinx-serialization-cbor-jvm: 1.7.3
[23:09:18] [main/INFO] - org_jetbrains_kotlinx_kotlinx-serialization-core-jvm: 1.7.3
[23:09:18] [main/INFO] - org_jetbrains_kotlinx_kotlinx-serialization-json-jvm: 1.7.3
[23:09:18] [main/INFO] - org_jsoup_jsoup: 1.16.1
[23:09:18] [main/INFO] - org_mineskin_java-client: 1.2.4-SNAPSHOT
[23:09:18] [main/INFO] - org_quiltmc_parsers_gson: 0.2.1
[23:09:18] [main/INFO] - org_quiltmc_parsers_json: 0.2.1
[23:09:18] [main/INFO] - org_reflections_reflections: 0.10.2
[23:09:18] [main/INFO] - owo: 0.11.2+1.20
[23:09:18] [main/INFO] - pickupnotifier: 8.0.0
[23:09:18] [main/INFO] - puzzlesaccessapi: 8.0.9
[23:09:18] [main/INFO] - puzzlesapi: 8.1.6
[23:09:18] [main/INFO] - puzzleslib: 8.1.24
[23:09:18] [main/INFO] - reach-entity-attributes: 2.4.0
[23:09:18] [main/INFO] - rightclickharvest: 3.2.3+1.19.x-1.20.1-fabric
[23:09:18] [main/INFO] - roughlyenoughitems: 12.1.785
[23:09:18] [main/INFO] - skin_changer: 0.6.6
[23:09:18] [main/INFO] - skinlayers3d: 1.6.7
[23:09:18] [main/INFO] - skinshuffle: 2.2.2+1.20.1
[23:09:18] [main/INFO] - threadtweak: 1.20.2-0.1.1
[23:09:18] [main/INFO] - toggleableitemframes: 5.1.0-1.20.1
[23:09:18] [main/INFO] - travelersbackpack: 9.1.36
[23:09:18] [main/INFO] - trinkets: 3.7.2
[23:09:18] [main/INFO] - u_desert: 1.6.0
[23:09:18] [main/INFO] - unwrecked_ships_plus: 2.0.5
[23:09:18] [main/INFO] - vmp: 0.2.0+beta.7.102
[23:09:18] [main/INFO] - wabi_sabi_structures: 2.0.0-1.20
[23:09:18] [main/INFO] - wunderlib: 1.1.5
[23:09:18] [main/INFO] - yet_another_config_lib_v3: 3.6.6+1.20.1-fabric
[23:09:18] [main/INFO] - yungsapi: 1.20-Fabric-4.0.6
[23:09:18] [main/INFO] ========================================
[23:09:18] [main/INFO] [REI] Registered plugin provider DefaultPlugin [roughlyenoughitems] for REIPlugin
[23:09:18] [main/INFO] [REI] Registered plugin provider DefaultRuntimePlugin [roughlyenoughitems] for REIPlugin
[23:09:18] [main/INFO] [REI] Registered plugin provider DefaultPlugin [roughlyenoughitems] for REIServerPlugin
[23:09:18] [main/INFO] [REI] Registered plugin provider DefaultRuntimePlugin [roughlyenoughitems] for REIServerPlugin
[23:09:18] [main/INFO] [REI] Registered plugin provider FabricFluidAPISupportPlugin for REIServerPlugin
[23:09:18] [main/INFO] [REI] Registered plugin provider FabricFluidAPISupportPlugin for REIPlugin
[23:10:50] [Worker-Main-1/DEBUG] [REI] Processed 4 tags in 1.193 ms for minecraft:fluid
[23:10:50] [Worker-Main-2/DEBUG] [REI] Processed 7 tags in 1.175 ms for minecraft:banner_pattern
[23:10:50] [Worker-Main-2/DEBUG] [REI] Processed 3 tags in 19.54 μs for minecraft:instrument
[23:10:50] [Worker-Main-3/DEBUG] [REI] Processed 0 tags in 25.32 μs for minecraft:worldgen/structure_set
[23:10:50] [Worker-Main-1/DEBUG] [REI] Processed 0 tags in 4.849 μs for minecraft:worldgen/processor_list
[23:10:50] [Worker-Main-2/DEBUG] [REI] Processed 5 tags in 82.04 μs for minecraft:enchantment
[23:10:50] [Worker-Main-1/DEBUG] [REI] Processed 0 tags in 5.520 μs for minecraft:worldgen/world_preset
[23:10:50] [Worker-Main-2/DEBUG] [REI] Processed 5 tags in 81.63 μs for minecraft:game_event
[23:10:50] [Worker-Main-2/DEBUG] [REI] Processed 20 tags in 142.4 μs for minecraft:entity_type
[23:10:50] [Worker-Main-2/DEBUG] [REI] Processed 1 tags in 37.19 μs for minecraft:painting_variant
[23:10:50] [Worker-Main-1/DEBUG] [REI] Processed 0 tags in 113.0 μs for minecraft:worldgen/structure
[23:10:50] [Worker-Main-2/DEBUG] [REI] Processed 2 tags in 27.13 μs for minecraft:cat_variant
[23:10:50] [Worker-Main-1/DEBUG] [REI] Processed 0 tags in 15.66 μs for minecraft:damage_type
[23:10:50] [Worker-Main-1/DEBUG] [REI] Processed 0 tags in 5.791 μs for minecraft:worldgen/flat_level_generator_preset
[23:10:50] [Worker-Main-1/DEBUG] [REI] Processed 3 tags in 31.87 μs for minecraft:point_of_interest_type
[23:10:50] [Worker-Main-3/DEBUG] [REI] Processed 246 tags in 4.542 ms for minecraft:block
[23:10:50] [Worker-Main-1/DEBUG] [REI] Processed 215 tags in 7.111 ms for minecraft:item
[23:10:50] [Worker-Main-2/DEBUG] [REI] Processed 0 tags in 252.7 μs for minecraft:worldgen/biome
[23:10:51] [main/DEBUG] [REI] Starting Reload Plugins of stage null
java.lang.Throwable
	at me.shedaniel.rei.impl.common.plugins.ReloadManagerImpl.reloadPlugins(ReloadManagerImpl.java:110)
	at me.shedaniel.rei.RoughlyEnoughItemsCore.lambda$onInitialize$5(RoughlyEnoughItemsCore.java:163)
	at java.base/java.util.concurrent.CompletableFuture$UniRun.tryFire(CompletableFuture.java:787)
	at java.base/java.util.concurrent.CompletableFuture$Completion.run(CompletableFuture.java:482)
	at net.minecraft.class_4014.method_18365(class_4014.java:69)
	at net.minecraft.class_156.method_43498(class_156.java:950)
	at net.minecraft.class_156.method_43499(class_156.java:938)
	at net.minecraft.server.Main.main(Main.java:160)
	at net.fabricmc.loader.impl.game.minecraft.MinecraftGameProvider.launch(MinecraftGameProvider.java:480)
	at net.fabricmc.loader.impl.launch.knot.Knot.launch(Knot.java:74)
	at net.fabricmc.loader.impl.launch.knot.KnotServer.main(KnotServer.java:23)
	at net.fabricmc.loader.impl.launch.server.FabricServerLauncher.main(FabricServerLauncher.java:69)
	at net.fabricmc.installer.ServerLauncher.main(ServerLauncher.java:69)
[23:10:51] [main/DEBUG] [REI] ========================================
[23:10:51] [main/DEBUG] [REI] REIPlugin starting pre-reload for START.
[23:10:51] [main/DEBUG] [REI] Reloadables (7):
[23:10:51] [main/DEBUG] [REI]  - EntryTypeRegistryImpl
[23:10:51] [main/DEBUG] [REI]  - EntrySettingsAdapterRegistryImpl
[23:10:51] [main/DEBUG] [REI]  - RecipeManagerContextImpl
[23:10:51] [main/DEBUG] [REI]  - ItemComparatorRegistryImpl
[23:10:51] [main/DEBUG] [REI]  - FluidComparatorRegistryImpl
[23:10:51] [main/DEBUG] [REI]  - DisplaySerializerRegistryImpl
[23:10:51] [main/DEBUG] [REI]  - FluidSupportProviderImpl
[23:10:51] [main/DEBUG] [REI] Plugins (3):
[23:10:51] [main/DEBUG] [REI]  - (-100.00) DefaultPlugin of DefaultPlugin [roughlyenoughitems]
[23:10:51] [main/DEBUG] [REI]  - (0.00) FabricFluidAPISupportPlugin
[23:10:51] [main/DEBUG] [REI]  - (0.00) DefaultRuntimePlugin of DefaultRuntimePlugin [roughlyenoughitems]
[23:10:51] [main/DEBUG] [REI] ========================================
[23:10:51] [main/TRACE] [REI] [REIPlugin START] Reloading Section: "pre-register/"
[23:10:51] [main/TRACE] [REI] [REIPlugin START] Reloading Section: "pre-register/DefaultPlugin of DefaultPlugin [roughlyenoughitems]/"
[23:10:51] [main/TRACE] [REI] [REIPlugin START] Reloading Section: "pre-register/DefaultPlugin of DefaultPlugin [roughlyenoughitems]/" done in 1.486 ms
[23:10:51] [main/TRACE] [REI] [REIPlugin START] Reloading Section: "pre-register/FabricFluidAPISupportPlugin/"
[23:10:51] [main/TRACE] [REI] [REIPlugin START] Reloading Section: "pre-register/FabricFluidAPISupportPlugin/" done in 47.24 μs
[23:10:51] [main/TRACE] [REI] [REIPlugin START] Reloading Section: "pre-register/DefaultRuntimePlugin of DefaultRuntimePlugin [roughlyenoughitems]/"
[23:10:51] [main/TRACE] [REI] [REIPlugin START] Reloading Section: "pre-register/DefaultRuntimePlugin of DefaultRuntimePlugin [roughlyenoughitems]/" done in 53.07 μs
[23:10:51] [main/TRACE] [REI] [REIPlugin START] Reloading Section: "pre-register/" done in 16.32 ms
[23:10:51] [main/TRACE] [REI] [REIPlugin START] Reloading Section: "pre-stage/"
[23:10:51] [main/TRACE] [REI] [REIPlugin START] Reloading Section: "pre-stage/EntryTypeRegistryImpl/"
[23:10:51] [main/TRACE] [REI] [REIPlugin START] Reloading Section: "pre-stage/EntryTypeRegistryImpl/" done in 236.9 μs
[23:10:51] [main/TRACE] [REI] [REIPlugin START] Reloading Section: "pre-stage/EntrySettingsAdapterRegistryImpl/"
[23:10:51] [main/TRACE] [REI] [REIPlugin START] Reloading Section: "pre-stage/EntrySettingsAdapterRegistryImpl/" done in 48.00 μs
[23:10:51] [main/TRACE] [REI] [REIPlugin START] Reloading Section: "pre-stage/RecipeManagerContextImpl/"
[23:10:51] [main/TRACE] [REI] [REIPlugin START] Reloading Section: "pre-stage/RecipeManagerContextImpl/" done in 43.84 μs
[23:10:51] [main/TRACE] [REI] [REIPlugin START] Reloading Section: "pre-stage/ItemComparatorRegistryImpl/"
[23:10:51] [main/TRACE] [REI] [REIPlugin START] Reloading Section: "pre-stage/ItemComparatorRegistryImpl/" done in 45.52 μs
[23:10:51] [main/TRACE] [REI] [REIPlugin START] Reloading Section: "pre-stage/FluidComparatorRegistryImpl/"
[23:10:51] [main/TRACE] [REI] [REIPlugin START] Reloading Section: "pre-stage/FluidComparatorRegistryImpl/" done in 42.32 μs
[23:10:51] [main/TRACE] [REI] [REIPlugin START] Reloading Section: "pre-stage/DisplaySerializerRegistryImpl/"
[23:10:51] [main/TRACE] [REI] [REIPlugin START] Reloading Section: "pre-stage/DisplaySerializerRegistryImpl/" done in 56.40 μs
[23:10:51] [main/TRACE] [REI] [REIPlugin START] Reloading Section: "pre-stage/FluidSupportProviderImpl/"
[23:10:51] [main/TRACE] [REI] [REIPlugin START] Reloading Section: "pre-stage/FluidSupportProviderImpl/" done in 45.48 μs
[23:10:51] [main/TRACE] [REI] [REIPlugin START] Reloading Section: "pre-stage/" done in 1.327 ms
[23:10:51] [main/DEBUG] [REI] ========================================
[23:10:51] [main/DEBUG] [REI] REIPlugin finished pre-reload for START in 18.32 ms.
[23:10:51] [main/DEBUG] [REI] ========================================
[23:10:51] [main/DEBUG] [REI] ========================================
[23:10:51] [main/DEBUG] [REI] REIServerPlugin starting pre-reload for START.
[23:10:51] [main/DEBUG] [REI] Reloadables (2):
[23:10:51] [main/DEBUG] [REI]  - MenuInfoRegistryImpl
[23:10:51] [main/DEBUG] [REI]  - SlotAccessorRegistryImpl
[23:10:51] [main/DEBUG] [REI] Plugins (3):
[23:10:51] [main/DEBUG] [REI]  - (-100.00) DefaultPlugin of DefaultPlugin [roughlyenoughitems]
[23:10:51] [main/DEBUG] [REI]  - (0.00) FabricFluidAPISupportPlugin
[23:10:51] [main/DEBUG] [REI]  - (0.00) DefaultRuntimePlugin of DefaultRuntimePlugin [roughlyenoughitems]
[23:10:51] [main/DEBUG] [REI] ========================================
[23:10:51] [main/TRACE] [REI] [REIServerPlugin START] Reloading Section: "pre-register/"
[23:10:51] [main/TRACE] [REI] [REIServerPlugin START] Reloading Section: "pre-register/DefaultPlugin of DefaultPlugin [roughlyenoughitems]/"
[23:10:51] [main/TRACE] [REI] [REIServerPlugin START] Reloading Section: "pre-register/DefaultPlugin of DefaultPlugin [roughlyenoughitems]/" done in 37.52 μs
[23:10:51] [main/TRACE] [REI] [REIServerPlugin START] Reloading Section: "pre-register/FabricFluidAPISupportPlugin/"
[23:10:51] [main/TRACE] [REI] [REIServerPlugin START] Reloading Section: "pre-register/FabricFluidAPISupportPlugin/" done in 77.04 μs
[23:10:51] [main/TRACE] [REI] [REIServerPlugin START] Reloading Section: "pre-register/DefaultRuntimePlugin of DefaultRuntimePlugin [roughlyenoughitems]/"
[23:10:51] [main/TRACE] [REI] [REIServerPlugin START] Reloading Section: "pre-register/DefaultRuntimePlugin of DefaultRuntimePlugin [roughlyenoughitems]/" done in 128.4 μs
[23:10:51] [main/TRACE] [REI] [REIServerPlugin START] Reloading Section: "pre-register/" done in 866.3 μs
[23:10:51] [main/TRACE] [REI] [REIServerPlugin START] Reloading Section: "pre-stage/"
[23:10:51] [main/TRACE] [REI] [REIServerPlugin START] Reloading Section: "pre-stage/MenuInfoRegistryImpl/"
[23:10:51] [main/TRACE] [REI] [REIServerPlugin START] Reloading Section: "pre-stage/MenuInfoRegistryImpl/" done in 155.9 μs
[23:10:51] [main/TRACE] [REI] [REIServerPlugin START] Reloading Section: "pre-stage/SlotAccessorRegistryImpl/"
[23:10:51] [main/TRACE] [REI] [REIServerPlugin START] Reloading Section: "pre-stage/SlotAccessorRegistryImpl/" done in 61.58 μs
[23:10:51] [main/TRACE] [REI] [REIServerPlugin START] Reloading Section: "pre-stage/" done in 583.3 μs
[23:10:51] [main/DEBUG] [REI] ========================================
[23:10:51] [main/DEBUG] [REI] REIServerPlugin finished pre-reload for START in 1.734 ms.
[23:10:51] [main/DEBUG] [REI] ========================================
[23:10:51] [main/INFO] [REI] ========================================
[23:10:51] [main/INFO] [REI] REIPlugin starting main-reload for START.
[23:10:51] [main/DEBUG] [REI] Reloadables (7):
[23:10:51] [main/DEBUG] [REI]  - EntryTypeRegistryImpl
[23:10:51] [main/DEBUG] [REI]  - EntrySettingsAdapterRegistryImpl
[23:10:51] [main/DEBUG] [REI]  - RecipeManagerContextImpl
[23:10:51] [main/DEBUG] [REI]  - ItemComparatorRegistryImpl
[23:10:51] [main/DEBUG] [REI]  - FluidComparatorRegistryImpl
[23:10:51] [main/DEBUG] [REI]  - DisplaySerializerRegistryImpl
[23:10:51] [main/DEBUG] [REI]  - FluidSupportProviderImpl
[23:10:51] [main/INFO] [REI] Plugins (3):
[23:10:51] [main/INFO] [REI]  - (-100.00) DefaultPlugin of DefaultPlugin [roughlyenoughitems]
[23:10:51] [main/INFO] [REI]  - (0.00) FabricFluidAPISupportPlugin
[23:10:51] [main/INFO] [REI]  - (0.00) DefaultRuntimePlugin of DefaultRuntimePlugin [roughlyenoughitems]
[23:10:51] [main/INFO] [REI] ========================================
[23:10:51] [main/TRACE] [REI] [REIPlugin START] Reloading Section: "start-reload/"
[23:10:51] [main/TRACE] [REI] [REIPlugin START] Reloading Section: "start-reload/EntryTypeRegistryImpl/"
[23:10:51] [main/TRACE] [REI] [REIPlugin START] Reloading Section: "start-reload/EntryTypeRegistryImpl/" done in 163.6 μs
[23:10:51] [main/TRACE] [REI] [REIPlugin START] Reloading Section: "start-reload/EntrySettingsAdapterRegistryImpl/"
[23:10:51] [main/TRACE] [REI] [REIPlugin START] Reloading Section: "start-reload/EntrySettingsAdapterRegistryImpl/" done in 58.02 μs
[23:10:51] [main/TRACE] [REI] [REIPlugin START] Reloading Section: "start-reload/RecipeManagerContextImpl/"
[23:10:51] [main/TRACE] [REI] [REIPlugin START] Reloading Section: "start-reload/RecipeManagerContextImpl/" done in 36.40 μs
[23:10:51] [main/TRACE] [REI] [REIPlugin START] Reloading Section: "start-reload/ItemComparatorRegistryImpl/"
[23:10:51] [main/TRACE] [REI] [REIPlugin START] Reloading Section: "start-reload/ItemComparatorRegistryImpl/" done in 57.79 μs
[23:10:51] [main/TRACE] [REI] [REIPlugin START] Reloading Section: "start-reload/FluidComparatorRegistryImpl/"
[23:10:51] [main/TRACE] [REI] [REIPlugin START] Reloading Section: "start-reload/FluidComparatorRegistryImpl/" done in 37.49 μs
[23:10:51] [main/TRACE] [REI] [REIPlugin START] Reloading Section: "start-reload/DisplaySerializerRegistryImpl/"
[23:10:51] [main/TRACE] [REI] [REIPlugin START] Reloading Section: "start-reload/DisplaySerializerRegistryImpl/" done in 43.91 μs
[23:10:51] [main/TRACE] [REI] [REIPlugin START] Reloading Section: "start-reload/FluidSupportProviderImpl/"
[23:10:51] [main/TRACE] [REI] [REIPlugin START] Reloading Section: "start-reload/FluidSupportProviderImpl/" done in 57.00 μs
[23:10:51] [main/TRACE] [REI] [REIPlugin START] Reloading Section: "start-reload/" done in 1.171 ms
[23:10:51] [main/DEBUG] [REI] ========================================
[23:10:51] [main/DEBUG] [REI] REIPlugin started main-reload for START.
[23:10:51] [main/DEBUG] [REI] ========================================
[23:10:51] [main/TRACE] [REI] [REIPlugin START] Reloading Section: "reloadable-plugin/EntryTypeRegistryImpl/"
[23:10:51] [main/TRACE] [REI] [REIPlugin START] Reloading Section: "reloadable-plugin/EntryTypeRegistryImpl/DefaultPlugin of DefaultPlugin [roughlyenoughitems]/"
[23:10:51] [main/TRACE] [REI] [REIPlugin START] Reloading Section: "reloadable-plugin/EntryTypeRegistryImpl/DefaultPlugin of DefaultPlugin [roughlyenoughitems]/" done in 267.0 μs
[23:10:51] [main/TRACE] [REI] [REIPlugin START] Reloading Section: "reloadable-plugin/EntryTypeRegistryImpl/FabricFluidAPISupportPlugin/"
[23:10:51] [main/TRACE] [REI] [REIPlugin START] Reloading Section: "reloadable-plugin/EntryTypeRegistryImpl/FabricFluidAPISupportPlugin/" done in 58.15 μs
[23:10:51] [main/TRACE] [REI] [REIPlugin START] Reloading Section: "reloadable-plugin/EntryTypeRegistryImpl/DefaultRuntimePlugin of DefaultRuntimePlugin [roughlyenoughitems]/"
[23:10:51] [main/TRACE] [REI] [REIPlugin START] Reloading Section: "reloadable-plugin/EntryTypeRegistryImpl/DefaultRuntimePlugin of DefaultRuntimePlugin [roughlyenoughitems]/" done in 11.79 ms
[23:10:51] [main/TRACE] [REI] [REIPlugin START] Reloading Section: "reloadable-plugin/EntryTypeRegistryImpl/" done in 13.26 ms
[23:10:51] [main/TRACE] [REI] [REIPlugin START] Reloading Section: "reloadable-plugin/EntrySettingsAdapterRegistryImpl/"
[23:10:51] [main/TRACE] [REI] [REIPlugin START] Reloading Section: "reloadable-plugin/EntrySettingsAdapterRegistryImpl/DefaultPlugin of DefaultPlugin [roughlyenoughitems]/"
[23:10:51] [main/TRACE] [REI] [REIPlugin START] Reloading Section: "reloadable-plugin/EntrySettingsAdapterRegistryImpl/DefaultPlugin of DefaultPlugin [roughlyenoughitems]/" done in 57.94 μs
[23:10:51] [main/TRACE] [REI] [REIPlugin START] Reloading Section: "reloadable-plugin/EntrySettingsAdapterRegistryImpl/FabricFluidAPISupportPlugin/"
[23:10:51] [main/TRACE] [REI] [REIPlugin START] Reloading Section: "reloadable-plugin/EntrySettingsAdapterRegistryImpl/FabricFluidAPISupportPlugin/" done in 58.24 μs
[23:10:51] [main/TRACE] [REI] [REIPlugin START] Reloading Section: "reloadable-plugin/EntrySettingsAdapterRegistryImpl/DefaultRuntimePlugin of DefaultRuntimePlugin [roughlyenoughitems]/"
[23:10:51] [main/TRACE] [REI] [REIPlugin START] Reloading Section: "reloadable-plugin/EntrySettingsAdapterRegistryImpl/DefaultRuntimePlugin of DefaultRuntimePlugin [roughlyenoughitems]/" done in 67.15 μs
[23:10:51] [main/TRACE] [REI] [REIPlugin START] Reloading Section: "reloadable-plugin/EntrySettingsAdapterRegistryImpl/" done in 559.7 μs
[23:10:51] [main/TRACE] [REI] [REIPlugin START] Reloading Section: "reloadable-plugin/RecipeManagerContextImpl/"
[23:10:51] [main/TRACE] [REI] [REIPlugin START] Reloading Section: "reloadable-plugin/RecipeManagerContextImpl/DefaultPlugin of DefaultPlugin [roughlyenoughitems]/"
[23:10:51] [main/TRACE] [REI] [REIPlugin START] Reloading Section: "reloadable-plugin/RecipeManagerContextImpl/DefaultPlugin of DefaultPlugin [roughlyenoughitems]/" done in 43.32 μs
[23:10:51] [main/TRACE] [REI] [REIPlugin START] Reloading Section: "reloadable-plugin/RecipeManagerContextImpl/FabricFluidAPISupportPlugin/"
[23:10:51] [main/TRACE] [REI] [REIPlugin START] Reloading Section: "reloadable-plugin/RecipeManagerContextImpl/FabricFluidAPISupportPlugin/" done in 44.37 μs
[23:10:51] [main/TRACE] [REI] [REIPlugin START] Reloading Section: "reloadable-plugin/RecipeManagerContextImpl/DefaultRuntimePlugin of DefaultRuntimePlugin [roughlyenoughitems]/"
[23:10:51] [main/TRACE] [REI] [REIPlugin START] Reloading Section: "reloadable-plugin/RecipeManagerContextImpl/DefaultRuntimePlugin of DefaultRuntimePlugin [roughlyenoughitems]/" done in 58.49 μs
[23:10:51] [main/TRACE] [REI] [REIPlugin START] Reloading Section: "reloadable-plugin/RecipeManagerContextImpl/" done in 491.8 μs
[23:10:51] [main/TRACE] [REI] [REIPlugin START] Reloading Section: "reloadable-plugin/ItemComparatorRegistryImpl/"
[23:10:51] [main/TRACE] [REI] [REIPlugin START] Reloading Section: "reloadable-plugin/ItemComparatorRegistryImpl/DefaultPlugin of DefaultPlugin [roughlyenoughitems]/"
[23:10:51] [main/TRACE] [REI] [REIPlugin START] Reloading Section: "reloadable-plugin/ItemComparatorRegistryImpl/DefaultPlugin of DefaultPlugin [roughlyenoughitems]/" done in 1.248 ms
[23:10:51] [main/TRACE] [REI] [REIPlugin START] Reloading Section: "reloadable-plugin/ItemComparatorRegistryImpl/FabricFluidAPISupportPlugin/"
[23:10:51] [main/TRACE] [REI] [REIPlugin START] Reloading Section: "reloadable-plugin/ItemComparatorRegistryImpl/FabricFluidAPISupportPlugin/" done in 54.49 μs
[23:10:51] [main/TRACE] [REI] [REIPlugin START] Reloading Section: "reloadable-plugin/ItemComparatorRegistryImpl/DefaultRuntimePlugin of DefaultRuntimePlugin [roughlyenoughitems]/"
[23:10:51] [main/TRACE] [REI] [REIPlugin START] Reloading Section: "reloadable-plugin/ItemComparatorRegistryImpl/DefaultRuntimePlugin of DefaultRuntimePlugin [roughlyenoughitems]/" done in 45.65 μs
[23:10:51] [main/TRACE] [REI] [REIPlugin START] Reloading Section: "reloadable-plugin/ItemComparatorRegistryImpl/" done in 1.695 ms
[23:10:51] [main/TRACE] [REI] [REIPlugin START] Reloading Section: "reloadable-plugin/FluidComparatorRegistryImpl/"
[23:10:51] [main/TRACE] [REI] [REIPlugin START] Reloading Section: "reloadable-plugin/FluidComparatorRegistryImpl/DefaultPlugin of DefaultPlugin [roughlyenoughitems]/"
[23:10:51] [main/TRACE] [REI] [REIPlugin START] Reloading Section: "reloadable-plugin/FluidComparatorRegistryImpl/DefaultPlugin of DefaultPlugin [roughlyenoughitems]/" done in 62.86 μs
[23:10:51] [main/TRACE] [REI] [REIPlugin START] Reloading Section: "reloadable-plugin/FluidComparatorRegistryImpl/FabricFluidAPISupportPlugin/"
[23:10:51] [main/TRACE] [REI] [REIPlugin START] Reloading Section: "reloadable-plugin/FluidComparatorRegistryImpl/FabricFluidAPISupportPlugin/" done in 51.89 μs
[23:10:51] [main/TRACE] [REI] [REIPlugin START] Reloading Section: "reloadable-plugin/FluidComparatorRegistryImpl/DefaultRuntimePlugin of DefaultRuntimePlugin [roughlyenoughitems]/"
[23:10:51] [main/TRACE] [REI] [REIPlugin START] Reloading Section: "reloadable-plugin/FluidComparatorRegistryImpl/DefaultRuntimePlugin of DefaultRuntimePlugin [roughlyenoughitems]/" done in 50.32 μs
[23:10:51] [main/TRACE] [REI] [REIPlugin START] Reloading Section: "reloadable-plugin/FluidComparatorRegistryImpl/" done in 526.6 μs
[23:10:51] [main/TRACE] [REI] [REIPlugin START] Reloading Section: "reloadable-plugin/DisplaySerializerRegistryImpl/"
[23:10:51] [main/TRACE] [REI] [REIPlugin START] Reloading Section: "reloadable-plugin/DisplaySerializerRegistryImpl/DefaultPlugin of DefaultPlugin [roughlyenoughitems]/"
[23:10:51] [main/TRACE] [REI] [REIPlugin START] Reloading Section: "reloadable-plugin/DisplaySerializerRegistryImpl/DefaultPlugin of DefaultPlugin [roughlyenoughitems]/" done in 51.42 μs
[23:10:51] [main/TRACE] [REI] [REIPlugin START] Reloading Section: "reloadable-plugin/DisplaySerializerRegistryImpl/FabricFluidAPISupportPlugin/"
[23:10:51] [main/TRACE] [REI] [REIPlugin START] Reloading Section: "reloadable-plugin/DisplaySerializerRegistryImpl/FabricFluidAPISupportPlugin/" done in 48.73 μs
[23:10:51] [main/TRACE] [REI] [REIPlugin START] Reloading Section: "reloadable-plugin/DisplaySerializerRegistryImpl/DefaultRuntimePlugin of DefaultRuntimePlugin [roughlyenoughitems]/"
[23:10:51] [main/TRACE] [REI] [REIPlugin START] Reloading Section: "reloadable-plugin/DisplaySerializerRegistryImpl/DefaultRuntimePlugin of DefaultRuntimePlugin [roughlyenoughitems]/" done in 47.34 μs
[23:10:51] [main/TRACE] [REI] [REIPlugin START] Reloading Section: "reloadable-plugin/DisplaySerializerRegistryImpl/" done in 479.2 μs
[23:10:51] [main/TRACE] [REI] [REIPlugin START] Reloading Section: "reloadable-plugin/FluidSupportProviderImpl/"
[23:10:51] [main/TRACE] [REI] [REIPlugin START] Reloading Section: "reloadable-plugin/FluidSupportProviderImpl/DefaultPlugin of DefaultPlugin [roughlyenoughitems]/"
[23:10:51] [main/TRACE] [REI] [REIPlugin START] Reloading Section: "reloadable-plugin/FluidSupportProviderImpl/DefaultPlugin of DefaultPlugin [roughlyenoughitems]/" done in 458.3 μs
[23:10:51] [main/TRACE] [REI] [REIPlugin START] Reloading Section: "reloadable-plugin/FluidSupportProviderImpl/FabricFluidAPISupportPlugin/"
[23:10:51] [main/TRACE] [REI] [REIPlugin START] Reloading Section: "reloadable-plugin/FluidSupportProviderImpl/FabricFluidAPISupportPlugin/" done in 219.2 μs
[23:10:51] [main/TRACE] [REI] [REIPlugin START] Reloading Section: "reloadable-plugin/FluidSupportProviderImpl/DefaultRuntimePlugin of DefaultRuntimePlugin [roughlyenoughitems]/"
[23:10:51] [main/TRACE] [REI] [REIPlugin START] Reloading Section: "reloadable-plugin/FluidSupportProviderImpl/DefaultRuntimePlugin of DefaultRuntimePlugin [roughlyenoughitems]/" done in 61.23 μs
[23:10:51] [main/TRACE] [REI] [REIPlugin START] Reloading Section: "reloadable-plugin/FluidSupportProviderImpl/" done in 1.109 ms
[23:10:51] [main/DEBUG] [REI] ========================================
[23:10:51] [main/DEBUG] [REI] REIPlugin ending main-reload for START.
[23:10:51] [main/DEBUG] [REI] ========================================
[23:10:51] [main/TRACE] [REI] [REIPlugin START] Reloading Section: "end-reload/"
[23:10:51] [main/TRACE] [REI] [REIPlugin START] Reloading Section: "end-reload/EntryTypeRegistryImpl/"
[23:10:51] [main/TRACE] [REI] [REIPlugin START] Reloading Section: "end-reload/EntryTypeRegistryImpl/" done in 65.54 μs
[23:10:51] [main/TRACE] [REI] [REIPlugin START] Reloading Section: "end-reload/EntrySettingsAdapterRegistryImpl/"
[23:10:51] [main/TRACE] [REI] [REIPlugin START] Reloading Section: "end-reload/EntrySettingsAdapterRegistryImpl/" done in 49.40 μs
[23:10:51] [main/TRACE] [REI] [REIPlugin START] Reloading Section: "end-reload/RecipeManagerContextImpl/"
[23:10:51] [main/TRACE] [REI] [REIPlugin START] Reloading Section: "end-reload/RecipeManagerContextImpl/" done in 51.57 μs
[23:10:51] [main/TRACE] [REI] [REIPlugin START] Reloading Section: "end-reload/ItemComparatorRegistryImpl/"
[23:10:51] [main/TRACE] [REI] [REIPlugin START] Reloading Section: "end-reload/ItemComparatorRegistryImpl/" done in 51.52 μs
[23:10:51] [main/TRACE] [REI] [REIPlugin START] Reloading Section: "end-reload/FluidComparatorRegistryImpl/"
[23:10:51] [main/TRACE] [REI] [REIPlugin START] Reloading Section: "end-reload/FluidComparatorRegistryImpl/" done in 42.58 μs
[23:10:51] [main/TRACE] [REI] [REIPlugin START] Reloading Section: "end-reload/DisplaySerializerRegistryImpl/"
[23:10:51] [main/TRACE] [REI] [REIPlugin START] Reloading Section: "end-reload/DisplaySerializerRegistryImpl/" done in 47.74 μs
[23:10:51] [main/TRACE] [REI] [REIPlugin START] Reloading Section: "end-reload/FluidSupportProviderImpl/"
[23:10:51] [main/TRACE] [REI] [REIPlugin START] Reloading Section: "end-reload/FluidSupportProviderImpl/" done in 44.40 μs
[23:10:51] [main/TRACE] [REI] [REIPlugin START] Reloading Section: "end-reload/" done in 1.202 ms
[23:10:51] [main/DEBUG] [REI] ========================================
[23:10:51] [main/DEBUG] [REI] REIPlugin ended main-reload for START in 23.45 ms.
[23:10:51] [main/DEBUG] [REI] ========================================
[23:10:51] [main/INFO] [REI] ++++++++++++++++++++++++++++++++++++++++
[23:10:51] [main/INFO] [REI] REIServerPlugin starting main-reload for START.
[23:10:51] [main/DEBUG] [REI] Reloadables (2):
[23:10:51] [main/DEBUG] [REI]  - MenuInfoRegistryImpl
[23:10:51] [main/DEBUG] [REI]  - SlotAccessorRegistryImpl
[23:10:51] [main/INFO] [REI] Plugins (3):
[23:10:51] [main/INFO] [REI]  - (-100.00) DefaultPlugin of DefaultPlugin [roughlyenoughitems]
[23:10:51] [main/INFO] [REI]  - (0.00) FabricFluidAPISupportPlugin
[23:10:51] [main/INFO] [REI]  - (0.00) DefaultRuntimePlugin of DefaultRuntimePlugin [roughlyenoughitems]
[23:10:51] [main/INFO] [REI] ++++++++++++++++++++++++++++++++++++++++
[23:10:51] [main/TRACE] [REI] [REIServerPlugin START] Reloading Section: "start-reload/"
[23:10:51] [main/TRACE] [REI] [REIServerPlugin START] Reloading Section: "start-reload/MenuInfoRegistryImpl/"
[23:10:51] [main/TRACE] [REI] [REIServerPlugin START] Reloading Section: "start-reload/MenuInfoRegistryImpl/" done in 38.10 μs
[23:10:51] [main/TRACE] [REI] [REIServerPlugin START] Reloading Section: "start-reload/SlotAccessorRegistryImpl/"
[23:10:51] [main/TRACE] [REI] [REIServerPlugin START] Reloading Section: "start-reload/SlotAccessorRegistryImpl/" done in 41.37 μs
[23:10:51] [main/TRACE] [REI] [REIServerPlugin START] Reloading Section: "start-reload/" done in 307.5 μs
[23:10:51] [main/DEBUG] [REI] ========================================
[23:10:51] [main/DEBUG] [REI] REIServerPlugin started main-reload for START.
[23:10:51] [main/DEBUG] [REI] ========================================
[23:10:51] [main/TRACE] [REI] [REIServerPlugin START] Reloading Section: "reloadable-plugin/MenuInfoRegistryImpl/"
[23:10:51] [main/TRACE] [REI] [REIServerPlugin START] Reloading Section: "reloadable-plugin/MenuInfoRegistryImpl/DefaultPlugin of DefaultPlugin [roughlyenoughitems]/"
[23:10:51] [main/TRACE] [REI] [REIServerPlugin START] Reloading Section: "reloadable-plugin/MenuInfoRegistryImpl/DefaultPlugin of DefaultPlugin [roughlyenoughitems]/" done in 38.40 μs
[23:10:51] [main/TRACE] [REI] [REIServerPlugin START] Reloading Section: "reloadable-plugin/MenuInfoRegistryImpl/FabricFluidAPISupportPlugin/"
[23:10:51] [main/TRACE] [REI] [REIServerPlugin START] Reloading Section: "reloadable-plugin/MenuInfoRegistryImpl/FabricFluidAPISupportPlugin/" done in 39.21 μs
[23:10:51] [main/TRACE] [REI] [REIServerPlugin START] Reloading Section: "reloadable-plugin/MenuInfoRegistryImpl/DefaultRuntimePlugin of DefaultRuntimePlugin [roughlyenoughitems]/"
[23:10:51] [main/TRACE] [REI] [REIServerPlugin START] Reloading Section: "reloadable-plugin/MenuInfoRegistryImpl/DefaultRuntimePlugin of DefaultRuntimePlugin [roughlyenoughitems]/" done in 38.83 μs
[23:10:51] [main/TRACE] [REI] [REIServerPlugin START] Reloading Section: "reloadable-plugin/MenuInfoRegistryImpl/" done in 434.8 μs
[23:10:51] [main/TRACE] [REI] [REIServerPlugin START] Reloading Section: "reloadable-plugin/SlotAccessorRegistryImpl/"
[23:10:51] [main/TRACE] [REI] [REIServerPlugin START] Reloading Section: "reloadable-plugin/SlotAccessorRegistryImpl/DefaultPlugin of DefaultPlugin [roughlyenoughitems]/"
[23:10:51] [main/TRACE] [REI] [REIServerPlugin START] Reloading Section: "reloadable-plugin/SlotAccessorRegistryImpl/DefaultPlugin of DefaultPlugin [roughlyenoughitems]/" done in 36.17 μs
[23:10:51] [main/TRACE] [REI] [REIServerPlugin START] Reloading Section: "reloadable-plugin/SlotAccessorRegistryImpl/FabricFluidAPISupportPlugin/"
[23:10:51] [main/TRACE] [REI] [REIServerPlugin START] Reloading Section: "reloadable-plugin/SlotAccessorRegistryImpl/FabricFluidAPISupportPlugin/" done in 36.18 μs
[23:10:51] [main/TRACE] [REI] [REIServerPlugin START] Reloading Section: "reloadable-plugin/SlotAccessorRegistryImpl/DefaultRuntimePlugin of DefaultRuntimePlugin [roughlyenoughitems]/"
[23:10:51] [main/TRACE] [REI] [REIServerPlugin START] Reloading Section: "reloadable-plugin/SlotAccessorRegistryImpl/DefaultRuntimePlugin of DefaultRuntimePlugin [roughlyenoughitems]/" done in 46.50 μs
[23:10:51] [main/TRACE] [REI] [REIServerPlugin START] Reloading Section: "reloadable-plugin/SlotAccessorRegistryImpl/" done in 407.4 μs
[23:10:51] [main/DEBUG] [REI] ========================================
[23:10:51] [main/DEBUG] [REI] REIServerPlugin ending main-reload for START.
[23:10:51] [main/DEBUG] [REI] ========================================
[23:10:51] [main/TRACE] [REI] [REIServerPlugin START] Reloading Section: "end-reload/"
[23:10:51] [main/TRACE] [REI] [REIServerPlugin START] Reloading Section: "end-reload/MenuInfoRegistryImpl/"
[23:10:51] [main/TRACE] [REI] [REIServerPlugin START] Reloading Section: "end-reload/MenuInfoRegistryImpl/" done in 56.39 μs
[23:10:51] [main/TRACE] [REI] [REIServerPlugin START] Reloading Section: "end-reload/SlotAccessorRegistryImpl/"
[23:10:51] [main/TRACE] [REI] [REIServerPlugin START] Reloading Section: "end-reload/SlotAccessorRegistryImpl/" done in 37.04 μs
[23:10:51] [main/TRACE] [REI] [REIServerPlugin START] Reloading Section: "end-reload/" done in 290.2 μs
[23:10:51] [main/DEBUG] [REI] ========================================
[23:10:51] [main/DEBUG] [REI] REIServerPlugin ended main-reload for START in 2.717 ms.
[23:10:51] [main/DEBUG] [REI] ========================================
[23:10:51] [main/DEBUG] [REI] ========================================
[23:10:51] [main/DEBUG] [REI] REIPlugin starting post-reload for START.
[23:10:51] [main/DEBUG] [REI] Reloadables (7):
[23:10:51] [main/DEBUG] [REI]  - EntryTypeRegistryImpl
[23:10:51] [main/DEBUG] [REI]  - EntrySettingsAdapterRegistryImpl
[23:10:51] [main/DEBUG] [REI]  - RecipeManagerContextImpl
[23:10:51] [main/DEBUG] [REI]  - ItemComparatorRegistryImpl
[23:10:51] [main/DEBUG] [REI]  - FluidComparatorRegistryImpl
[23:10:51] [main/DEBUG] [REI]  - DisplaySerializerRegistryImpl
[23:10:51] [main/DEBUG] [REI]  - FluidSupportProviderImpl
[23:10:51] [main/DEBUG] [REI] Plugins (3):
[23:10:51] [main/DEBUG] [REI]  - (-100.00) DefaultPlugin of DefaultPlugin [roughlyenoughitems]
[23:10:51] [main/DEBUG] [REI]  - (0.00) FabricFluidAPISupportPlugin
[23:10:51] [main/DEBUG] [REI]  - (0.00) DefaultRuntimePlugin of DefaultRuntimePlugin [roughlyenoughitems]
[23:10:51] [main/DEBUG] [REI] ========================================
[23:10:51] [main/TRACE] [REI] [REIPlugin START] Reloading Section: "post-register/"
[23:10:51] [main/TRACE] [REI] [REIPlugin START] Reloading Section: "post-register/DefaultPlugin of DefaultPlugin [roughlyenoughitems]/"
[23:10:51] [main/TRACE] [REI] [REIPlugin START] Reloading Section: "post-register/DefaultPlugin of DefaultPlugin [roughlyenoughitems]/" done in 232.6 μs
[23:10:51] [main/TRACE] [REI] [REIPlugin START] Reloading Section: "post-register/FabricFluidAPISupportPlugin/"
[23:10:51] [main/TRACE] [REI] [REIPlugin START] Reloading Section: "post-register/FabricFluidAPISupportPlugin/" done in 62.95 μs
[23:10:51] [main/TRACE] [REI] [REIPlugin START] Reloading Section: "post-register/DefaultRuntimePlugin of DefaultRuntimePlugin [roughlyenoughitems]/"
[23:10:51] [main/TRACE] [REI] [REIPlugin START] Reloading Section: "post-register/DefaultRuntimePlugin of DefaultRuntimePlugin [roughlyenoughitems]/" done in 39.96 μs
[23:10:51] [main/TRACE] [REI] [REIPlugin START] Reloading Section: "post-register/" done in 859.1 μs
[23:10:51] [main/TRACE] [REI] [REIPlugin START] Reloading Section: "post-stage/"
[23:10:51] [main/TRACE] [REI] [REIPlugin START] Reloading Section: "post-stage/EntryTypeRegistryImpl/"
[23:10:51] [main/TRACE] [REI] [REIPlugin START] Reloading Section: "post-stage/EntryTypeRegistryImpl/" done in 53.39 μs
[23:10:51] [main/TRACE] [REI] [REIPlugin START] Reloading Section: "post-stage/EntrySettingsAdapterRegistryImpl/"
[23:10:51] [main/TRACE] [REI] [REIPlugin START] Reloading Section: "post-stage/EntrySettingsAdapterRegistryImpl/" done in 38.51 μs
[23:10:51] [main/TRACE] [REI] [REIPlugin START] Reloading Section: "post-stage/RecipeManagerContextImpl/"
[23:10:51] [main/TRACE] [REI] [REIPlugin START] Reloading Section: "post-stage/RecipeManagerContextImpl/" done in 31.78 μs
[23:10:51] [main/TRACE] [REI] [REIPlugin START] Reloading Section: "post-stage/ItemComparatorRegistryImpl/"
[23:10:51] [main/TRACE] [REI] [REIPlugin START] Reloading Section: "post-stage/ItemComparatorRegistryImpl/" done in 39.33 μs
[23:10:51] [main/TRACE] [REI] [REIPlugin START] Reloading Section: "post-stage/FluidComparatorRegistryImpl/"
[23:10:51] [main/TRACE] [REI] [REIPlugin START] Reloading Section: "post-stage/FluidComparatorRegistryImpl/" done in 57.49 μs
[23:10:51] [main/TRACE] [REI] [REIPlugin START] Reloading Section: "post-stage/DisplaySerializerRegistryImpl/"
[23:10:51] [main/TRACE] [REI] [REIPlugin START] Reloading Section: "post-stage/DisplaySerializerRegistryImpl/" done in 42.88 μs
[23:10:51] [main/TRACE] [REI] [REIPlugin START] Reloading Section: "post-stage/FluidSupportProviderImpl/"
[23:10:51] [main/TRACE] [REI] [REIPlugin START] Reloading Section: "post-stage/FluidSupportProviderImpl/" done in 40.92 μs
[23:10:51] [main/TRACE] [REI] [REIPlugin START] Reloading Section: "post-stage/" done in 1.027 ms
[23:10:51] [main/DEBUG] [REI] ========================================
[23:10:51] [main/INFO] [REI] REIPlugin finished post-reload for START in 2.029 ms, totaling 43.78 ms.
[23:10:51] [main/DEBUG] [REI] ========================================
[23:10:51] [main/DEBUG] [REI] ========================================
[23:10:51] [main/DEBUG] [REI] REIServerPlugin starting post-reload for START.
[23:10:51] [main/DEBUG] [REI] Reloadables (2):
[23:10:51] [main/DEBUG] [REI]  - MenuInfoRegistryImpl
[23:10:51] [main/DEBUG] [REI]  - SlotAccessorRegistryImpl
[23:10:51] [main/DEBUG] [REI] Plugins (3):
[23:10:51] [main/DEBUG] [REI]  - (-100.00) DefaultPlugin of DefaultPlugin [roughlyenoughitems]
[23:10:51] [main/DEBUG] [REI]  - (0.00) FabricFluidAPISupportPlugin
[23:10:51] [main/DEBUG] [REI]  - (0.00) DefaultRuntimePlugin of DefaultRuntimePlugin [roughlyenoughitems]
[23:10:51] [main/DEBUG] [REI] ========================================
[23:10:51] [main/TRACE] [REI] [REIServerPlugin START] Reloading Section: "post-register/"
[23:10:51] [main/TRACE] [REI] [REIServerPlugin START] Reloading Section: "post-register/DefaultPlugin of DefaultPlugin [roughlyenoughitems]/"
[23:10:51] [main/TRACE] [REI] [REIServerPlugin START] Reloading Section: "post-register/DefaultPlugin of DefaultPlugin [roughlyenoughitems]/" done in 28.06 μs
[23:10:51] [main/TRACE] [REI] [REIServerPlugin START] Reloading Section: "post-register/FabricFluidAPISupportPlugin/"
[23:10:51] [main/TRACE] [REI] [REIServerPlugin START] Reloading Section: "post-register/FabricFluidAPISupportPlugin/" done in 28.22 μs
[23:10:51] [main/TRACE] [REI] [REIServerPlugin START] Reloading Section: "post-register/DefaultRuntimePlugin of DefaultRuntimePlugin [roughlyenoughitems]/"
[23:10:51] [main/TRACE] [REI] [REIServerPlugin START] Reloading Section: "post-register/DefaultRuntimePlugin of DefaultRuntimePlugin [roughlyenoughitems]/" done in 27.62 μs
[23:10:51] [main/TRACE] [REI] [REIServerPlugin START] Reloading Section: "post-register/" done in 345.5 μs
[23:10:51] [main/TRACE] [REI] [REIServerPlugin START] Reloading Section: "post-stage/"
[23:10:51] [main/TRACE] [REI] [REIServerPlugin START] Reloading Section: "post-stage/MenuInfoRegistryImpl/"
[23:10:51] [main/TRACE] [REI] [REIServerPlugin START] Reloading Section: "post-stage/MenuInfoRegistryImpl/" done in 21.95 μs
[23:10:51] [main/TRACE] [REI] [REIServerPlugin START] Reloading Section: "post-stage/SlotAccessorRegistryImpl/"
[23:10:51] [main/TRACE] [REI] [REIServerPlugin START] Reloading Section: "post-stage/SlotAccessorRegistryImpl/" done in 23.85 μs
[23:10:51] [main/TRACE] [REI] [REIServerPlugin START] Reloading Section: "post-stage/" done in 190.2 μs
[23:10:51] [main/DEBUG] [REI] ========================================
[23:10:51] [main/INFO] [REI] REIServerPlugin finished post-reload for START in 629.0 μs, totaling 5.056 ms.
[23:10:51] [main/DEBUG] [REI] ========================================
[23:10:51] [main/DEBUG] [REI] ========================================
[23:10:51] [main/DEBUG] [REI] REIPlugin starting pre-reload for END.
[23:10:51] [main/DEBUG] [REI] Reloadables (7):
[23:10:51] [main/DEBUG] [REI]  - EntryTypeRegistryImpl
[23:10:51] [main/DEBUG] [REI]  - EntrySettingsAdapterRegistryImpl
[23:10:51] [main/DEBUG] [REI]  - RecipeManagerContextImpl
[23:10:51] [main/DEBUG] [REI]  - ItemComparatorRegistryImpl
[23:10:51] [main/DEBUG] [REI]  - FluidComparatorRegistryImpl
[23:10:51] [main/DEBUG] [REI]  - DisplaySerializerRegistryImpl
[23:10:51] [main/DEBUG] [REI]  - FluidSupportProviderImpl
[23:10:51] [main/DEBUG] [REI] Plugins (3):
[23:10:51] [main/DEBUG] [REI]  - (-100.00) DefaultPlugin of DefaultPlugin [roughlyenoughitems]
[23:10:51] [main/DEBUG] [REI]  - (0.00) FabricFluidAPISupportPlugin
[23:10:51] [main/DEBUG] [REI]  - (0.00) DefaultRuntimePlugin of DefaultRuntimePlugin [roughlyenoughitems]
[23:10:51] [main/DEBUG] [REI] ========================================
[23:10:51] [main/TRACE] [REI] [REIPlugin END] Reloading Section: "pre-register/"
[23:10:51] [main/TRACE] [REI] [REIPlugin END] Reloading Section: "pre-register/DefaultPlugin of DefaultPlugin [roughlyenoughitems]/"
[23:10:51] [main/TRACE] [REI] [REIPlugin END] Reloading Section: "pre-register/DefaultPlugin of DefaultPlugin [roughlyenoughitems]/" done in 167.7 μs
[23:10:51] [main/TRACE] [REI] [REIPlugin END] Reloading Section: "pre-register/FabricFluidAPISupportPlugin/"
[23:10:51] [main/TRACE] [REI] [REIPlugin END] Reloading Section: "pre-register/FabricFluidAPISupportPlugin/" done in 130.8 μs
[23:10:51] [main/TRACE] [REI] [REIPlugin END] Reloading Section: "pre-register/DefaultRuntimePlugin of DefaultRuntimePlugin [roughlyenoughitems]/"
[23:10:51] [main/TRACE] [REI] [REIPlugin END] Reloading Section: "pre-register/DefaultRuntimePlugin of DefaultRuntimePlugin [roughlyenoughitems]/" done in 66.73 μs
[23:10:51] [main/TRACE] [REI] [REIPlugin END] Reloading Section: "pre-register/" done in 1.006 ms
[23:10:51] [main/TRACE] [REI] [REIPlugin END] Reloading Section: "pre-stage/"
[23:10:51] [main/TRACE] [REI] [REIPlugin END] Reloading Section: "pre-stage/EntryTypeRegistryImpl/"
[23:10:51] [main/TRACE] [REI] [REIPlugin END] Reloading Section: "pre-stage/EntryTypeRegistryImpl/" done in 29.25 μs
[23:10:51] [main/TRACE] [REI] [REIPlugin END] Reloading Section: "pre-stage/EntrySettingsAdapterRegistryImpl/"
[23:10:51] [main/TRACE] [REI] [REIPlugin END] Reloading Section: "pre-stage/EntrySettingsAdapterRegistryImpl/" done in 32.13 μs
[23:10:51] [main/TRACE] [REI] [REIPlugin END] Reloading Section: "pre-stage/RecipeManagerContextImpl/"
[23:10:51] [main/TRACE] [REI] [REIPlugin END] Reloading Section: "pre-stage/RecipeManagerContextImpl/" done in 39.21 μs
[23:10:51] [main/TRACE] [REI] [REIPlugin END] Reloading Section: "pre-stage/ItemComparatorRegistryImpl/"
[23:10:51] [main/TRACE] [REI] [REIPlugin END] Reloading Section: "pre-stage/ItemComparatorRegistryImpl/" done in 36.35 μs
[23:10:51] [main/TRACE] [REI] [REIPlugin END] Reloading Section: "pre-stage/FluidComparatorRegistryImpl/"
[23:10:51] [main/TRACE] [REI] [REIPlugin END] Reloading Section: "pre-stage/FluidComparatorRegistryImpl/" done in 35.97 μs
[23:10:51] [main/TRACE] [REI] [REIPlugin END] Reloading Section: "pre-stage/DisplaySerializerRegistryImpl/"
[23:10:51] [main/TRACE] [REI] [REIPlugin END] Reloading Section: "pre-stage/DisplaySerializerRegistryImpl/" done in 37.42 μs
[23:10:51] [main/TRACE] [REI] [REIPlugin END] Reloading Section: "pre-stage/FluidSupportProviderImpl/"
[23:10:51] [main/TRACE] [REI] [REIPlugin END] Reloading Section: "pre-stage/FluidSupportProviderImpl/" done in 35.80 μs
[23:10:51] [main/TRACE] [REI] [REIPlugin END] Reloading Section: "pre-stage/" done in 744.3 μs
[23:10:51] [main/DEBUG] [REI] ========================================
[23:10:51] [main/DEBUG] [REI] REIPlugin finished pre-reload for END in 1.873 ms.
[23:10:51] [main/DEBUG] [REI] ========================================
[23:10:51] [main/DEBUG] [REI] ========================================
[23:10:51] [main/DEBUG] [REI] REIServerPlugin starting pre-reload for END.
[23:10:51] [main/DEBUG] [REI] Reloadables (2):
[23:10:51] [main/DEBUG] [REI]  - MenuInfoRegistryImpl
[23:10:51] [main/DEBUG] [REI]  - SlotAccessorRegistryImpl
[23:10:51] [main/DEBUG] [REI] Plugins (3):
[23:10:51] [main/DEBUG] [REI]  - (-100.00) DefaultPlugin of DefaultPlugin [roughlyenoughitems]
[23:10:51] [main/DEBUG] [REI]  - (0.00) FabricFluidAPISupportPlugin
[23:10:51] [main/DEBUG] [REI]  - (0.00) DefaultRuntimePlugin of DefaultRuntimePlugin [roughlyenoughitems]
[23:10:51] [main/DEBUG] [REI] ========================================
[23:10:51] [main/TRACE] [REI] [REIServerPlugin END] Reloading Section: "pre-register/"
[23:10:51] [main/TRACE] [REI] [REIServerPlugin END] Reloading Section: "pre-register/DefaultPlugin of DefaultPlugin [roughlyenoughitems]/"
[23:10:51] [main/TRACE] [REI] [REIServerPlugin END] Reloading Section: "pre-register/DefaultPlugin of DefaultPlugin [roughlyenoughitems]/" done in 40.56 μs
[23:10:51] [main/TRACE] [REI] [REIServerPlugin END] Reloading Section: "pre-register/FabricFluidAPISupportPlugin/"
[23:10:51] [main/TRACE] [REI] [REIServerPlugin END] Reloading Section: "pre-register/FabricFluidAPISupportPlugin/" done in 37.82 μs
[23:10:51] [main/TRACE] [REI] [REIServerPlugin END] Reloading Section: "pre-register/DefaultRuntimePlugin of DefaultRuntimePlugin [roughlyenoughitems]/"
[23:10:51] [main/TRACE] [REI] [REIServerPlugin END] Reloading Section: "pre-register/DefaultRuntimePlugin of DefaultRuntimePlugin [roughlyenoughitems]/" done in 36.79 μs
[23:10:51] [main/TRACE] [REI] [REIServerPlugin END] Reloading Section: "pre-register/" done in 371.5 μs
[23:10:51] [main/TRACE] [REI] [REIServerPlugin END] Reloading Section: "pre-stage/"
[23:10:51] [main/TRACE] [REI] [REIServerPlugin END] Reloading Section: "pre-stage/MenuInfoRegistryImpl/"
[23:10:51] [main/TRACE] [REI] [REIServerPlugin END] Reloading Section: "pre-stage/MenuInfoRegistryImpl/" done in 42.04 μs
[23:10:51] [main/TRACE] [REI] [REIServerPlugin END] Reloading Section: "pre-stage/SlotAccessorRegistryImpl/"
[23:10:51] [main/TRACE] [REI] [REIServerPlugin END] Reloading Section: "pre-stage/SlotAccessorRegistryImpl/" done in 263.6 μs
[23:10:51] [main/TRACE] [REI] [REIServerPlugin END] Reloading Section: "pre-stage/" done in 569.0 μs
[23:10:51] [main/DEBUG] [REI] ========================================
[23:10:51] [main/DEBUG] [REI] REIServerPlugin finished pre-reload for END in 1.178 ms.
[23:10:51] [main/DEBUG] [REI] ========================================
[23:10:51] [main/INFO] [REI] @@@@@@@@@@@@@@@@@@@@@@@@@@@@@@@@@@@@@@@@
[23:10:51] [main/INFO] [REI] REIPlugin starting main-reload for END.
[23:10:51] [main/DEBUG] [REI] Reloadables (7):
[23:10:51] [main/DEBUG] [REI]  - EntryTypeRegistryImpl
[23:10:51] [main/DEBUG] [REI]  - EntrySettingsAdapterRegistryImpl
[23:10:51] [main/DEBUG] [REI]  - RecipeManagerContextImpl
[23:10:51] [main/DEBUG] [REI]  - ItemComparatorRegistryImpl
[23:10:51] [main/DEBUG] [REI]  - FluidComparatorRegistryImpl
[23:10:51] [main/DEBUG] [REI]  - DisplaySerializerRegistryImpl
[23:10:51] [main/DEBUG] [REI]  - FluidSupportProviderImpl
[23:10:51] [main/INFO] [REI] Plugins (3):
[23:10:51] [main/INFO] [REI]  - (-100.00) DefaultPlugin of DefaultPlugin [roughlyenoughitems]
[23:10:51] [main/INFO] [REI]  - (0.00) FabricFluidAPISupportPlugin
[23:10:51] [main/INFO] [REI]  - (0.00) DefaultRuntimePlugin of DefaultRuntimePlugin [roughlyenoughitems]
[23:10:51] [main/INFO] [REI] @@@@@@@@@@@@@@@@@@@@@@@@@@@@@@@@@@@@@@@@
[23:10:51] [main/TRACE] [REI] [REIPlugin END] Reloading Section: "start-reload/"
[23:10:51] [main/TRACE] [REI] [REIPlugin END] Reloading Section: "start-reload/EntryTypeRegistryImpl/"
[23:10:51] [main/TRACE] [REI] [REIPlugin END] Reloading Section: "start-reload/EntryTypeRegistryImpl/" done in 118.2 μs
[23:10:51] [main/TRACE] [REI] [REIPlugin END] Reloading Section: "start-reload/EntrySettingsAdapterRegistryImpl/"
[23:10:51] [main/TRACE] [REI] [REIPlugin END] Reloading Section: "start-reload/EntrySettingsAdapterRegistryImpl/" done in 146.3 μs
[23:10:51] [main/TRACE] [REI] [REIPlugin END] Reloading Section: "start-reload/RecipeManagerContextImpl/"
[23:10:51] [main/TRACE] [REI] [REIPlugin END] Reloading Section: "start-reload/RecipeManagerContextImpl/" done in 136.6 μs
[23:10:51] [main/TRACE] [REI] [REIPlugin END] Reloading Section: "start-reload/ItemComparatorRegistryImpl/"
[23:10:51] [main/TRACE] [REI] [REIPlugin END] Reloading Section: "start-reload/ItemComparatorRegistryImpl/" done in 130.4 μs
[23:10:51] [main/TRACE] [REI] [REIPlugin END] Reloading Section: "start-reload/FluidComparatorRegistryImpl/"
[23:10:51] [main/TRACE] [REI] [REIPlugin END] Reloading Section: "start-reload/FluidComparatorRegistryImpl/" done in 119.8 μs
[23:10:51] [main/TRACE] [REI] [REIPlugin END] Reloading Section: "start-reload/DisplaySerializerRegistryImpl/"
[23:10:51] [main/TRACE] [REI] [REIPlugin END] Reloading Section: "start-reload/DisplaySerializerRegistryImpl/" done in 126.0 μs
[23:10:51] [main/TRACE] [REI] [REIPlugin END] Reloading Section: "start-reload/FluidSupportProviderImpl/"
[23:10:51] [main/TRACE] [REI] [REIPlugin END] Reloading Section: "start-reload/FluidSupportProviderImpl/" done in 82.41 μs
[23:10:51] [main/TRACE] [REI] [REIPlugin END] Reloading Section: "start-reload/" done in 2.661 ms
[23:10:51] [main/DEBUG] [REI] ========================================
[23:10:51] [main/DEBUG] [REI] REIPlugin started main-reload for END.
[23:10:51] [main/DEBUG] [REI] ========================================
[23:10:51] [main/TRACE] [REI] [REIPlugin END] Reloading Section: "reloadable-plugin/EntryTypeRegistryImpl/"
[23:10:51] [main/TRACE] [REI] [REIPlugin END] Reloading Section: "reloadable-plugin/EntryTypeRegistryImpl/DefaultPlugin of DefaultPlugin [roughlyenoughitems]/"
[23:10:51] [main/TRACE] [REI] [REIPlugin END] Reloading Section: "reloadable-plugin/EntryTypeRegistryImpl/DefaultPlugin of DefaultPlugin [roughlyenoughitems]/" done in 63.53 μs
[23:10:51] [main/TRACE] [REI] [REIPlugin END] Reloading Section: "reloadable-plugin/EntryTypeRegistryImpl/FabricFluidAPISupportPlugin/"
[23:10:51] [main/TRACE] [REI] [REIPlugin END] Reloading Section: "reloadable-plugin/EntryTypeRegistryImpl/FabricFluidAPISupportPlugin/" done in 50.08 μs
[23:10:51] [main/TRACE] [REI] [REIPlugin END] Reloading Section: "reloadable-plugin/EntryTypeRegistryImpl/DefaultRuntimePlugin of DefaultRuntimePlugin [roughlyenoughitems]/"
[23:10:51] [main/TRACE] [REI] [REIPlugin END] Reloading Section: "reloadable-plugin/EntryTypeRegistryImpl/DefaultRuntimePlugin of DefaultRuntimePlugin [roughlyenoughitems]/" done in 41.73 μs
[23:10:51] [main/TRACE] [REI] [REIPlugin END] Reloading Section: "reloadable-plugin/EntryTypeRegistryImpl/" done in 623.0 μs
[23:10:51] [main/TRACE] [REI] [REIPlugin END] Reloading Section: "reloadable-plugin/EntrySettingsAdapterRegistryImpl/"
[23:10:51] [main/TRACE] [REI] [REIPlugin END] Reloading Section: "reloadable-plugin/EntrySettingsAdapterRegistryImpl/DefaultPlugin of DefaultPlugin [roughlyenoughitems]/"
[23:10:51] [main/TRACE] [REI] [REIPlugin END] Reloading Section: "reloadable-plugin/EntrySettingsAdapterRegistryImpl/DefaultPlugin of DefaultPlugin [roughlyenoughitems]/" done in 50.90 μs
[23:10:51] [main/TRACE] [REI] [REIPlugin END] Reloading Section: "reloadable-plugin/EntrySettingsAdapterRegistryImpl/FabricFluidAPISupportPlugin/"
[23:10:51] [main/TRACE] [REI] [REIPlugin END] Reloading Section: "reloadable-plugin/EntrySettingsAdapterRegistryImpl/FabricFluidAPISupportPlugin/" done in 39.12 μs
[23:10:51] [main/TRACE] [REI] [REIPlugin END] Reloading Section: "reloadable-plugin/EntrySettingsAdapterRegistryImpl/DefaultRuntimePlugin of DefaultRuntimePlugin [roughlyenoughitems]/"
[23:10:51] [main/TRACE] [REI] [REIPlugin END] Reloading Section: "reloadable-plugin/EntrySettingsAdapterRegistryImpl/DefaultRuntimePlugin of DefaultRuntimePlugin [roughlyenoughitems]/" done in 40.26 μs
[23:10:51] [main/TRACE] [REI] [REIPlugin END] Reloading Section: "reloadable-plugin/EntrySettingsAdapterRegistryImpl/" done in 385.0 μs
[23:10:51] [main/TRACE] [REI] [REIPlugin END] Reloading Section: "reloadable-plugin/RecipeManagerContextImpl/"
[23:10:51] [main/TRACE] [REI] [REIPlugin END] Reloading Section: "reloadable-plugin/RecipeManagerContextImpl/DefaultPlugin of DefaultPlugin [roughlyenoughitems]/"
[23:10:51] [main/TRACE] [REI] [REIPlugin END] Reloading Section: "reloadable-plugin/RecipeManagerContextImpl/DefaultPlugin of DefaultPlugin [roughlyenoughitems]/" done in 35.74 μs
[23:10:51] [main/TRACE] [REI] [REIPlugin END] Reloading Section: "reloadable-plugin/RecipeManagerContextImpl/FabricFluidAPISupportPlugin/"
[23:10:51] [main/TRACE] [REI] [REIPlugin END] Reloading Section: "reloadable-plugin/RecipeManagerContextImpl/FabricFluidAPISupportPlugin/" done in 35.76 μs
[23:10:51] [main/TRACE] [REI] [REIPlugin END] Reloading Section: "reloadable-plugin/RecipeManagerContextImpl/DefaultRuntimePlugin of DefaultRuntimePlugin [roughlyenoughitems]/"
[23:10:51] [main/TRACE] [REI] [REIPlugin END] Reloading Section: "reloadable-plugin/RecipeManagerContextImpl/DefaultRuntimePlugin of DefaultRuntimePlugin [roughlyenoughitems]/" done in 38.66 μs
[23:10:51] [main/TRACE] [REI] [REIPlugin END] Reloading Section: "reloadable-plugin/RecipeManagerContextImpl/" done in 350.5 μs
[23:10:51] [main/TRACE] [REI] [REIPlugin END] Reloading Section: "reloadable-plugin/ItemComparatorRegistryImpl/"
[23:10:51] [main/TRACE] [REI] [REIPlugin END] Reloading Section: "reloadable-plugin/ItemComparatorRegistryImpl/DefaultPlugin of DefaultPlugin [roughlyenoughitems]/"
[23:10:51] [main/TRACE] [REI] [REIPlugin END] Reloading Section: "reloadable-plugin/ItemComparatorRegistryImpl/DefaultPlugin of DefaultPlugin [roughlyenoughitems]/" done in 35.66 μs
[23:10:51] [main/TRACE] [REI] [REIPlugin END] Reloading Section: "reloadable-plugin/ItemComparatorRegistryImpl/FabricFluidAPISupportPlugin/"
[23:10:51] [main/TRACE] [REI] [REIPlugin END] Reloading Section: "reloadable-plugin/ItemComparatorRegistryImpl/FabricFluidAPISupportPlugin/" done in 35.78 μs
[23:10:51] [main/TRACE] [REI] [REIPlugin END] Reloading Section: "reloadable-plugin/ItemComparatorRegistryImpl/DefaultRuntimePlugin of DefaultRuntimePlugin [roughlyenoughitems]/"
[23:10:51] [main/TRACE] [REI] [REIPlugin END] Reloading Section: "reloadable-plugin/ItemComparatorRegistryImpl/DefaultRuntimePlugin of DefaultRuntimePlugin [roughlyenoughitems]/" done in 39.84 μs
[23:10:51] [main/TRACE] [REI] [REIPlugin END] Reloading Section: "reloadable-plugin/ItemComparatorRegistryImpl/" done in 351.4 μs
[23:10:51] [main/TRACE] [REI] [REIPlugin END] Reloading Section: "reloadable-plugin/FluidComparatorRegistryImpl/"
[23:10:51] [main/TRACE] [REI] [REIPlugin END] Reloading Section: "reloadable-plugin/FluidComparatorRegistryImpl/DefaultPlugin of DefaultPlugin [roughlyenoughitems]/"
[23:10:51] [main/TRACE] [REI] [REIPlugin END] Reloading Section: "reloadable-plugin/FluidComparatorRegistryImpl/DefaultPlugin of DefaultPlugin [roughlyenoughitems]/" done in 35.70 μs
[23:10:51] [main/TRACE] [REI] [REIPlugin END] Reloading Section: "reloadable-plugin/FluidComparatorRegistryImpl/FabricFluidAPISupportPlugin/"
[23:10:51] [main/TRACE] [REI] [REIPlugin END] Reloading Section: "reloadable-plugin/FluidComparatorRegistryImpl/FabricFluidAPISupportPlugin/" done in 37.46 μs
[23:10:51] [main/TRACE] [REI] [REIPlugin END] Reloading Section: "reloadable-plugin/FluidComparatorRegistryImpl/DefaultRuntimePlugin of DefaultRuntimePlugin [roughlyenoughitems]/"
[23:10:51] [main/TRACE] [REI] [REIPlugin END] Reloading Section: "reloadable-plugin/FluidComparatorRegistryImpl/DefaultRuntimePlugin of DefaultRuntimePlugin [roughlyenoughitems]/" done in 39.99 μs
[23:10:51] [main/TRACE] [REI] [REIPlugin END] Reloading Section: "reloadable-plugin/FluidComparatorRegistryImpl/" done in 346.9 μs
[23:10:51] [main/TRACE] [REI] [REIPlugin END] Reloading Section: "reloadable-plugin/DisplaySerializerRegistryImpl/"
[23:10:51] [main/TRACE] [REI] [REIPlugin END] Reloading Section: "reloadable-plugin/DisplaySerializerRegistryImpl/DefaultPlugin of DefaultPlugin [roughlyenoughitems]/"
[23:10:51] [main/TRACE] [REI] [REIPlugin END] Reloading Section: "reloadable-plugin/DisplaySerializerRegistryImpl/DefaultPlugin of DefaultPlugin [roughlyenoughitems]/" done in 28.64 ms
[23:10:51] [main/TRACE] [REI] [REIPlugin END] Reloading Section: "reloadable-plugin/DisplaySerializerRegistryImpl/FabricFluidAPISupportPlugin/"
[23:10:51] [main/TRACE] [REI] [REIPlugin END] Reloading Section: "reloadable-plugin/DisplaySerializerRegistryImpl/FabricFluidAPISupportPlugin/" done in 83.82 μs
[23:10:51] [main/TRACE] [REI] [REIPlugin END] Reloading Section: "reloadable-plugin/DisplaySerializerRegistryImpl/DefaultRuntimePlugin of DefaultRuntimePlugin [roughlyenoughitems]/"
[23:10:51] [main/TRACE] [REI] [REIPlugin END] Reloading Section: "reloadable-plugin/DisplaySerializerRegistryImpl/DefaultRuntimePlugin of DefaultRuntimePlugin [roughlyenoughitems]/" done in 43.61 μs
[23:10:51] [main/TRACE] [REI] [REIPlugin END] Reloading Section: "reloadable-plugin/DisplaySerializerRegistryImpl/" done in 29.42 ms
[23:10:51] [main/TRACE] [REI] [REIPlugin END] Reloading Section: "reloadable-plugin/FluidSupportProviderImpl/"
[23:10:51] [main/TRACE] [REI] [REIPlugin END] Reloading Section: "reloadable-plugin/FluidSupportProviderImpl/DefaultPlugin of DefaultPlugin [roughlyenoughitems]/"
[23:10:51] [main/TRACE] [REI] [REIPlugin END] Reloading Section: "reloadable-plugin/FluidSupportProviderImpl/DefaultPlugin of DefaultPlugin [roughlyenoughitems]/" done in 35.13 μs
[23:10:51] [main/TRACE] [REI] [REIPlugin END] Reloading Section: "reloadable-plugin/FluidSupportProviderImpl/FabricFluidAPISupportPlugin/"
[23:10:51] [main/TRACE] [REI] [REIPlugin END] Reloading Section: "reloadable-plugin/FluidSupportProviderImpl/FabricFluidAPISupportPlugin/" done in 37.68 μs
[23:10:51] [main/TRACE] [REI] [REIPlugin END] Reloading Section: "reloadable-plugin/FluidSupportProviderImpl/DefaultRuntimePlugin of DefaultRuntimePlugin [roughlyenoughitems]/"
[23:10:51] [main/TRACE] [REI] [REIPlugin END] Reloading Section: "reloadable-plugin/FluidSupportProviderImpl/DefaultRuntimePlugin of DefaultRuntimePlugin [roughlyenoughitems]/" done in 53.72 μs
[23:10:51] [main/TRACE] [REI] [REIPlugin END] Reloading Section: "reloadable-plugin/FluidSupportProviderImpl/" done in 372.4 μs
[23:10:51] [main/DEBUG] [REI] ========================================
[23:10:51] [main/DEBUG] [REI] REIPlugin ending main-reload for END.
[23:10:51] [main/DEBUG] [REI] ========================================
[23:10:51] [main/TRACE] [REI] [REIPlugin END] Reloading Section: "end-reload/"
[23:10:51] [main/TRACE] [REI] [REIPlugin END] Reloading Section: "end-reload/EntryTypeRegistryImpl/"
[23:10:51] [main/TRACE] [REI] [REIPlugin END] Reloading Section: "end-reload/EntryTypeRegistryImpl/" done in 38.43 μs
[23:10:51] [main/TRACE] [REI] [REIPlugin END] Reloading Section: "end-reload/EntrySettingsAdapterRegistryImpl/"
[23:10:51] [main/TRACE] [REI] [REIPlugin END] Reloading Section: "end-reload/EntrySettingsAdapterRegistryImpl/" done in 33.34 μs
[23:10:51] [main/TRACE] [REI] [REIPlugin END] Reloading Section: "end-reload/RecipeManagerContextImpl/"
[23:10:51] [main/TRACE] [REI] [REIPlugin END] Reloading Section: "end-reload/RecipeManagerContextImpl/" done in 30.06 μs
[23:10:51] [main/TRACE] [REI] [REIPlugin END] Reloading Section: "end-reload/ItemComparatorRegistryImpl/"
[23:10:51] [main/TRACE] [REI] [REIPlugin END] Reloading Section: "end-reload/ItemComparatorRegistryImpl/" done in 31.07 μs
[23:10:51] [main/TRACE] [REI] [REIPlugin END] Reloading Section: "end-reload/FluidComparatorRegistryImpl/"
[23:10:51] [main/TRACE] [REI] [REIPlugin END] Reloading Section: "end-reload/FluidComparatorRegistryImpl/" done in 27.42 μs
[23:10:51] [main/TRACE] [REI] [REIPlugin END] Reloading Section: "end-reload/DisplaySerializerRegistryImpl/"
[23:10:51] [main/TRACE] [REI] [REIPlugin END] Reloading Section: "end-reload/DisplaySerializerRegistryImpl/" done in 29.32 μs
[23:10:51] [main/TRACE] [REI] [REIPlugin END] Reloading Section: "end-reload/FluidSupportProviderImpl/"
[23:10:51] [main/TRACE] [REI] [REIPlugin END] Reloading Section: "end-reload/FluidSupportProviderImpl/" done in 29.76 μs
[23:10:51] [main/TRACE] [REI] [REIPlugin END] Reloading Section: "end-reload/" done in 648.2 μs
[23:10:51] [main/DEBUG] [REI] ========================================
[23:10:51] [main/DEBUG] [REI] REIPlugin ended main-reload for END in 39.02 ms.
[23:10:51] [main/DEBUG] [REI] ========================================
[23:10:51] [main/INFO] [REI] ++++++++++++++++++++++++++++++++++++++++
[23:10:51] [main/INFO] [REI] REIServerPlugin starting main-reload for END.
[23:10:51] [main/DEBUG] [REI] Reloadables (2):
[23:10:51] [main/DEBUG] [REI]  - MenuInfoRegistryImpl
[23:10:51] [main/DEBUG] [REI]  - SlotAccessorRegistryImpl
[23:10:51] [main/INFO] [REI] Plugins (3):
[23:10:51] [main/INFO] [REI]  - (-100.00) DefaultPlugin of DefaultPlugin [roughlyenoughitems]
[23:10:51] [main/INFO] [REI]  - (0.00) FabricFluidAPISupportPlugin
[23:10:51] [main/INFO] [REI]  - (0.00) DefaultRuntimePlugin of DefaultRuntimePlugin [roughlyenoughitems]
[23:10:51] [main/INFO] [REI] ++++++++++++++++++++++++++++++++++++++++
[23:10:51] [main/TRACE] [REI] [REIServerPlugin END] Reloading Section: "start-reload/"
[23:10:51] [main/TRACE] [REI] [REIServerPlugin END] Reloading Section: "start-reload/MenuInfoRegistryImpl/"
[23:10:51] [main/TRACE] [REI] [REIServerPlugin END] Reloading Section: "start-reload/MenuInfoRegistryImpl/" done in 47.25 μs
[23:10:51] [main/TRACE] [REI] [REIServerPlugin END] Reloading Section: "start-reload/SlotAccessorRegistryImpl/"
[23:10:51] [main/TRACE] [REI] [REIServerPlugin END] Reloading Section: "start-reload/SlotAccessorRegistryImpl/" done in 42.40 μs
[23:10:51] [main/TRACE] [REI] [REIServerPlugin END] Reloading Section: "start-reload/" done in 299.1 μs
[23:10:51] [main/DEBUG] [REI] ========================================
[23:10:51] [main/DEBUG] [REI] REIServerPlugin started main-reload for END.
[23:10:51] [main/DEBUG] [REI] ========================================
[23:10:51] [main/TRACE] [REI] [REIServerPlugin END] Reloading Section: "reloadable-plugin/MenuInfoRegistryImpl/"
[23:10:51] [main/TRACE] [REI] [REIServerPlugin END] Reloading Section: "reloadable-plugin/MenuInfoRegistryImpl/DefaultPlugin of DefaultPlugin [roughlyenoughitems]/"
[23:10:51] [main/TRACE] [REI] [REIServerPlugin END] Reloading Section: "reloadable-plugin/MenuInfoRegistryImpl/DefaultPlugin of DefaultPlugin [roughlyenoughitems]/" done in 44.90 μs
[23:10:51] [main/TRACE] [REI] [REIServerPlugin END] Reloading Section: "reloadable-plugin/MenuInfoRegistryImpl/FabricFluidAPISupportPlugin/"
[23:10:51] [main/TRACE] [REI] [REIServerPlugin END] Reloading Section: "reloadable-plugin/MenuInfoRegistryImpl/FabricFluidAPISupportPlugin/" done in 34.17 μs
[23:10:51] [main/TRACE] [REI] [REIServerPlugin END] Reloading Section: "reloadable-plugin/MenuInfoRegistryImpl/DefaultRuntimePlugin of DefaultRuntimePlugin [roughlyenoughitems]/"
[23:10:51] [main/TRACE] [REI] [REIServerPlugin END] Reloading Section: "reloadable-plugin/MenuInfoRegistryImpl/DefaultRuntimePlugin of DefaultRuntimePlugin [roughlyenoughitems]/" done in 35.63 μs
[23:10:51] [main/TRACE] [REI] [REIServerPlugin END] Reloading Section: "reloadable-plugin/MenuInfoRegistryImpl/" done in 362.8 μs
[23:10:51] [main/TRACE] [REI] [REIServerPlugin END] Reloading Section: "reloadable-plugin/SlotAccessorRegistryImpl/"
[23:10:51] [main/TRACE] [REI] [REIServerPlugin END] Reloading Section: "reloadable-plugin/SlotAccessorRegistryImpl/DefaultPlugin of DefaultPlugin [roughlyenoughitems]/"
[23:10:51] [main/TRACE] [REI] [REIServerPlugin END] Reloading Section: "reloadable-plugin/SlotAccessorRegistryImpl/DefaultPlugin of DefaultPlugin [roughlyenoughitems]/" done in 41.15 μs
[23:10:51] [main/TRACE] [REI] [REIServerPlugin END] Reloading Section: "reloadable-plugin/SlotAccessorRegistryImpl/FabricFluidAPISupportPlugin/"
[23:10:51] [main/TRACE] [REI] [REIServerPlugin END] Reloading Section: "reloadable-plugin/SlotAccessorRegistryImpl/FabricFluidAPISupportPlugin/" done in 34.67 μs
[23:10:51] [main/TRACE] [REI] [REIServerPlugin END] Reloading Section: "reloadable-plugin/SlotAccessorRegistryImpl/DefaultRuntimePlugin of DefaultRuntimePlugin [roughlyenoughitems]/"
[23:10:51] [main/DEBUG] [REI] Added slot accessor serializer: me.shedaniel.rei.plugin.common.runtime.DefaultRuntimePlugin$1@3c8b2f96 [roughlyenoughitems:vanilla]
[23:10:51] [main/DEBUG] [REI] Added slot accessor serializer: me.shedaniel.rei.plugin.common.runtime.DefaultRuntimePlugin$2@737adcf9 [roughlyenoughitems:player]
[23:10:51] [main/TRACE] [REI] [REIServerPlugin END] Reloading Section: "reloadable-plugin/SlotAccessorRegistryImpl/DefaultRuntimePlugin of DefaultRuntimePlugin [roughlyenoughitems]/" done in 1.961 ms
[23:10:51] [main/TRACE] [REI] [REIServerPlugin END] Reloading Section: "reloadable-plugin/SlotAccessorRegistryImpl/" done in 2.271 ms
[23:10:51] [main/DEBUG] [REI] ========================================
[23:10:51] [main/DEBUG] [REI] REIServerPlugin ending main-reload for END.
[23:10:51] [main/DEBUG] [REI] ========================================
[23:10:51] [main/TRACE] [REI] [REIServerPlugin END] Reloading Section: "end-reload/"
[23:10:51] [main/TRACE] [REI] [REIServerPlugin END] Reloading Section: "end-reload/MenuInfoRegistryImpl/"
[23:10:51] [main/DEBUG] [REI] Registered 0 menu infos
[23:10:51] [main/TRACE] [REI] [REIServerPlugin END] Reloading Section: "end-reload/MenuInfoRegistryImpl/" done in 116.5 μs
[23:10:51] [main/TRACE] [REI] [REIServerPlugin END] Reloading Section: "end-reload/SlotAccessorRegistryImpl/"
[23:10:51] [main/DEBUG] [REI] Registered 2 slot accessor serializers
[23:10:51] [main/TRACE] [REI] [REIServerPlugin END] Reloading Section: "end-reload/SlotAccessorRegistryImpl/" done in 85.52 μs
[23:10:51] [main/TRACE] [REI] [REIServerPlugin END] Reloading Section: "end-reload/" done in 574.0 μs
[23:10:51] [main/DEBUG] [REI] ========================================
[23:10:51] [main/DEBUG] [REI] REIServerPlugin ended main-reload for END in 4.550 ms.
[23:10:51] [main/DEBUG] [REI] ========================================
[23:10:51] [main/DEBUG] [REI] ========================================
[23:10:51] [main/DEBUG] [REI] REIPlugin starting post-reload for END.
[23:10:51] [main/DEBUG] [REI] Reloadables (7):
[23:10:51] [main/DEBUG] [REI]  - EntryTypeRegistryImpl
[23:10:51] [main/DEBUG] [REI]  - EntrySettingsAdapterRegistryImpl
[23:10:51] [main/DEBUG] [REI]  - RecipeManagerContextImpl
[23:10:51] [main/DEBUG] [REI]  - ItemComparatorRegistryImpl
[23:10:51] [main/DEBUG] [REI]  - FluidComparatorRegistryImpl
[23:10:51] [main/DEBUG] [REI]  - DisplaySerializerRegistryImpl
[23:10:51] [main/DEBUG] [REI]  - FluidSupportProviderImpl
[23:10:51] [main/DEBUG] [REI] Plugins (3):
[23:10:51] [main/DEBUG] [REI]  - (-100.00) DefaultPlugin of DefaultPlugin [roughlyenoughitems]
[23:10:51] [main/DEBUG] [REI]  - (0.00) FabricFluidAPISupportPlugin
[23:10:51] [main/DEBUG] [REI]  - (0.00) DefaultRuntimePlugin of DefaultRuntimePlugin [roughlyenoughitems]
[23:10:51] [main/DEBUG] [REI] ========================================
[23:10:51] [main/TRACE] [REI] [REIPlugin END] Reloading Section: "post-register/"
[23:10:51] [main/TRACE] [REI] [REIPlugin END] Reloading Section: "post-register/DefaultPlugin of DefaultPlugin [roughlyenoughitems]/"
[23:10:51] [main/TRACE] [REI] [REIPlugin END] Reloading Section: "post-register/DefaultPlugin of DefaultPlugin [roughlyenoughitems]/" done in 22.49 μs
[23:10:51] [main/TRACE] [REI] [REIPlugin END] Reloading Section: "post-register/FabricFluidAPISupportPlugin/"
[23:10:51] [main/TRACE] [REI] [REIPlugin END] Reloading Section: "post-register/FabricFluidAPISupportPlugin/" done in 25.29 μs
[23:10:51] [main/TRACE] [REI] [REIPlugin END] Reloading Section: "post-register/DefaultRuntimePlugin of DefaultRuntimePlugin [roughlyenoughitems]/"
[23:10:51] [main/TRACE] [REI] [REIPlugin END] Reloading Section: "post-register/DefaultRuntimePlugin of DefaultRuntimePlugin [roughlyenoughitems]/" done in 20.69 μs
[23:10:51] [main/TRACE] [REI] [REIPlugin END] Reloading Section: "post-register/" done in 230.2 μs
[23:10:51] [main/TRACE] [REI] [REIPlugin END] Reloading Section: "post-stage/"
[23:10:51] [main/TRACE] [REI] [REIPlugin END] Reloading Section: "post-stage/EntryTypeRegistryImpl/"
[23:10:51] [main/TRACE] [REI] [REIPlugin END] Reloading Section: "post-stage/EntryTypeRegistryImpl/" done in 17.81 μs
[23:10:51] [main/TRACE] [REI] [REIPlugin END] Reloading Section: "post-stage/EntrySettingsAdapterRegistryImpl/"
[23:10:51] [main/TRACE] [REI] [REIPlugin END] Reloading Section: "post-stage/EntrySettingsAdapterRegistryImpl/" done in 17.26 μs
[23:10:51] [main/TRACE] [REI] [REIPlugin END] Reloading Section: "post-stage/RecipeManagerContextImpl/"
[23:10:51] [main/TRACE] [REI] [REIPlugin END] Reloading Section: "post-stage/RecipeManagerContextImpl/" done in 16.47 μs
[23:10:51] [main/TRACE] [REI] [REIPlugin END] Reloading Section: "post-stage/ItemComparatorRegistryImpl/"
[23:10:51] [main/TRACE] [REI] [REIPlugin END] Reloading Section: "post-stage/ItemComparatorRegistryImpl/" done in 17.49 μs
[23:10:51] [main/TRACE] [REI] [REIPlugin END] Reloading Section: "post-stage/FluidComparatorRegistryImpl/"
[23:10:51] [main/TRACE] [REI] [REIPlugin END] Reloading Section: "post-stage/FluidComparatorRegistryImpl/" done in 16.80 μs
[23:10:51] [main/TRACE] [REI] [REIPlugin END] Reloading Section: "post-stage/DisplaySerializerRegistryImpl/"
[23:10:51] [main/TRACE] [REI] [REIPlugin END] Reloading Section: "post-stage/DisplaySerializerRegistryImpl/" done in 16.65 μs
[23:10:51] [main/TRACE] [REI] [REIPlugin END] Reloading Section: "post-stage/FluidSupportProviderImpl/"
[23:10:51] [main/TRACE] [REI] [REIPlugin END] Reloading Section: "post-stage/FluidSupportProviderImpl/" done in 16.66 μs
[23:10:51] [main/TRACE] [REI] [REIPlugin END] Reloading Section: "post-stage/" done in 392.1 μs
[23:10:51] [main/DEBUG] [REI] ========================================
[23:10:51] [main/INFO] [REI] REIPlugin finished post-reload for END in 689.3 μs, totaling 41.56 ms.
[23:10:51] [main/DEBUG] [REI] ========================================
[23:10:51] [main/DEBUG] [REI] ========================================
[23:10:51] [main/DEBUG] [REI] REIServerPlugin starting post-reload for END.
[23:10:51] [main/DEBUG] [REI] Reloadables (2):
[23:10:51] [main/DEBUG] [REI]  - MenuInfoRegistryImpl
[23:10:51] [main/DEBUG] [REI]  - SlotAccessorRegistryImpl
[23:10:51] [main/DEBUG] [REI] Plugins (3):
[23:10:51] [main/DEBUG] [REI]  - (-100.00) DefaultPlugin of DefaultPlugin [roughlyenoughitems]
[23:10:51] [main/DEBUG] [REI]  - (0.00) FabricFluidAPISupportPlugin
[23:10:51] [main/DEBUG] [REI]  - (0.00) DefaultRuntimePlugin of DefaultRuntimePlugin [roughlyenoughitems]
[23:10:51] [main/DEBUG] [REI] ========================================
[23:10:51] [main/TRACE] [REI] [REIServerPlugin END] Reloading Section: "post-register/"
[23:10:51] [main/TRACE] [REI] [REIServerPlugin END] Reloading Section: "post-register/DefaultPlugin of DefaultPlugin [roughlyenoughitems]/"
[23:10:51] [main/TRACE] [REI] [REIServerPlugin END] Reloading Section: "post-register/DefaultPlugin of DefaultPlugin [roughlyenoughitems]/" done in 27.84 μs
[23:10:51] [main/TRACE] [REI] [REIServerPlugin END] Reloading Section: "post-register/FabricFluidAPISupportPlugin/"
[23:10:51] [main/TRACE] [REI] [REIServerPlugin END] Reloading Section: "post-register/FabricFluidAPISupportPlugin/" done in 34.41 μs
[23:10:51] [main/TRACE] [REI] [REIServerPlugin END] Reloading Section: "post-register/DefaultRuntimePlugin of DefaultRuntimePlugin [roughlyenoughitems]/"
[23:10:51] [main/TRACE] [REI] [REIServerPlugin END] Reloading Section: "post-register/DefaultRuntimePlugin of DefaultRuntimePlugin [roughlyenoughitems]/" done in 35.88 μs
[23:10:51] [main/TRACE] [REI] [REIServerPlugin END] Reloading Section: "post-register/" done in 346.1 μs
[23:10:51] [main/TRACE] [REI] [REIServerPlugin END] Reloading Section: "post-stage/"
[23:10:51] [main/TRACE] [REI] [REIServerPlugin END] Reloading Section: "post-stage/MenuInfoRegistryImpl/"
[23:10:51] [main/TRACE] [REI] [REIServerPlugin END] Reloading Section: "post-stage/MenuInfoRegistryImpl/" done in 29.26 μs
[23:10:51] [main/TRACE] [REI] [REIServerPlugin END] Reloading Section: "post-stage/SlotAccessorRegistryImpl/"
[23:10:51] [main/TRACE] [REI] [REIServerPlugin END] Reloading Section: "post-stage/SlotAccessorRegistryImpl/" done in 54.42 μs
[23:10:51] [main/TRACE] [REI] [REIServerPlugin END] Reloading Section: "post-stage/" done in 1.098 ms
[23:10:51] [main/DEBUG] [REI] ========================================
[23:10:51] [main/INFO] [REI] REIServerPlugin finished post-reload for END in 1.656 ms, totaling 7.362 ms.
[23:10:51] [main/DEBUG] [REI] ========================================
